{"Time":"2025-06-17T10:30:27.102+08:00","Level":"INFO","Content":""}
{"Time":"2025-06-17T10:30:27.102+08:00","Level":"INFO","Content":""}
{"Time":"2025-06-17T10:30:27.103+08:00","Level":"INFO","Content":""}
{"Time":"2025-06-17T10:30:27.104+08:00","Level":"","Content":""}
{"Time":"2025-06-17T10:30:46.597+08:00","Level":"INFO","Content":""}
{"Time":"2025-06-17T11:36:10.014+08:00","Level":"INFO","Content":""}
{"Time":"2025-06-17T11:36:10.014+08:00","Level":"INFO","Content":""}
{"Time":"2025-06-17T11:36:10.015+08:00","Level":"INFO","Content":""}
{"Time":"2025-06-17T11:36:10.017+08:00","Level":"","Content":""}
{"Time":"2025-06-17T11:38:54.712+08:00","Level":"INFO","Content":""}
{"Time":"2025-06-17T11:39:28.595+08:00","Level":"INFO","Content":""}
{"Time":"2025-06-17T11:39:28.595+08:00","Level":"INFO","Content":""}
{"Time":"2025-06-17T11:39:28.595+08:00","Level":"INFO","Content":""}
{"Time":"2025-06-17T11:39:28.598+08:00","Level":"","Content":""}
{"Time":"2025-06-17T11:40:46.889+08:00","Level":"INFO","Content":""}
{"Time":"2025-06-17T11:40:46.890+08:00","Level":"INFO","Content":""}
{"Time":"2025-06-17T11:40:46.890+08:00","Level":"INFO","Content":""}
{"Time":"2025-06-17T11:40:46.894+08:00","Level":"","Content":""}
{"Time":"2025-06-17T11:41:28.468+08:00","Level":"INFO","Content":""}
{"Time":"2025-06-17T11:41:28.468+08:00","Level":"INFO","Content":""}
{"Time":"2025-06-17T11:41:28.468+08:00","Level":"INFO","Content":""}
{"Time":"2025-06-17T11:41:28.471+08:00","Level":"","Content":""}
{"Time":"2025-06-17T13:09:54.374+08:00","Level":"INFO","Content":""}
{"Time":"2025-06-17T13:09:54.374+08:00","Level":"INFO","Content":""}
{"Time":"2025-06-17T13:09:54.374+08:00","Level":"INFO","Content":""}
{"Time":"2025-06-17T13:09:54.376+08:00","Level":"","Content":""}
{"Time":"2025-06-17T13:12:32.652+08:00","Level":"INFO","Content":""}
{"Time":"2025-06-17T13:12:32.652+08:00","Level":"INFO","Content":""}
{"Time":"2025-06-17T13:12:32.652+08:00","Level":"INFO","Content":""}
{"Time":"2025-06-17T13:12:32.656+08:00","Level":"","Content":""}
{"Time":"2025-06-17T13:13:49.199+08:00","Level":"INFO","Content":""}
{"Time":"2025-06-17T13:13:49.199+08:00","Level":"INFO","Content":""}
{"Time":"2025-06-17T13:13:49.200+08:00","Level":"INFO","Content":""}
{"Time":"2025-06-17T13:13:49.203+08:00","Level":"","Content":""}
{"Time":"2025-06-17T13:15:57.696+08:00","Level":"INFO","Content":""}
{"Time":"2025-06-17T13:15:57.696+08:00","Level":"INFO","Content":""}
{"Time":"2025-06-17T13:15:57.697+08:00","Level":"INFO","Content":""}
{"Time":"2025-06-17T13:15:57.701+08:00","Level":"","Content":""}
{"Time":"2025-06-17T13:19:13.186+08:00","Level":"INFO","Content":""}
{"Time":"2025-06-17T13:19:13.186+08:00","Level":"INFO","Content":""}
{"Time":"2025-06-17T13:19:13.186+08:00","Level":"INFO","Content":""}
{"Time":"2025-06-17T13:19:13.190+08:00","Level":"","Content":""}
{"Time":"2025-06-17T13:19:37.241+08:00","Level":"INFO","Content":""}
{"Time":"2025-06-17T13:19:37.241+08:00","Level":"INFO","Content":""}
{"Time":"2025-06-17T13:19:37.241+08:00","Level":"INFO","Content":""}
{"Time":"2025-06-17T13:19:37.245+08:00","Level":"","Content":""}
{"Time":"2025-06-17T13:22:33.971+08:00","Level":"INFO","Content":""}
{"Time":"2025-06-17T13:22:33.971+08:00","Level":"INFO","Content":""}
{"Time":"2025-06-17T13:22:33.971+08:00","Level":"INFO","Content":""}
{"Time":"2025-06-17T13:22:33.975+08:00","Level":"","Content":""}
{"Time":"2025-06-17T13:33:12.202+08:00","Level":"INFO","Content":""}
{"Time":"2025-06-17T13:33:12.202+08:00","Level":"INFO","Content":""}
{"Time":"2025-06-17T13:33:12.202+08:00","Level":"INFO","Content":""}
{"Time":"2025-06-17T13:33:12.206+08:00","Level":"","Content":""}
{"Time":"2025-06-17T13:35:59.531+08:00","Level":"INFO","Content":""}
{"Time":"2025-06-17T13:35:59.531+08:00","Level":"INFO","Content":""}
{"Time":"2025-06-17T13:35:59.531+08:00","Level":"INFO","Content":""}
{"Time":"2025-06-17T13:35:59.536+08:00","Level":"","Content":""}
{"Time":"2025-06-17T13:46:16.574+08:00","Level":"INFO","Content":""}
{"Time":"2025-06-17T13:46:16.574+08:00","Level":"INFO","Content":""}
{"Time":"2025-06-17T13:46:16.575+08:00","Level":"INFO","Content":""}
{"Time":"2025-06-17T13:46:16.579+08:00","Level":"","Content":""}
{"Time":"2025-06-17T13:49:09.913+08:00","Level":"INFO","Content":""}
{"Time":"2025-06-17T13:49:09.913+08:00","Level":"INFO","Content":""}
{"Time":"2025-06-17T13:49:09.913+08:00","Level":"INFO","Content":""}
{"Time":"2025-06-17T13:49:09.917+08:00","Level":"","Content":""}
{"Time":"2025-06-17T13:49:32.453+08:00","Level":"INFO","Content":""}
{"Time":"2025-06-17T13:49:32.453+08:00","Level":"INFO","Content":""}
{"Time":"2025-06-17T13:49:32.453+08:00","Level":"INFO","Content":""}
{"Time":"2025-06-17T13:49:32.457+08:00","Level":"","Content":""}
{"Time":"2025-06-17T14:28:28.481+08:00","Level":"FATA","Content":""}
{"Time":"2025-06-17T14:30:27.406+08:00","Level":"FATA","Content":""}
2025-06-17T14:31:08.561+08:00 [FATA] net.Listen address ":9527" failed: listen tcp :9527: bind: address already in use
1. net.Listen address ":9527" failed
2. listen tcp :9527: bind: address already in use

2025-06-17T14:32:29.114+08:00 [INFO] swagger ui is serving at address: http://127.0.0.1:9527/swagger/
2025-06-17T14:32:29.114+08:00 [INFO] openapi specification is serving at address: http://127.0.0.1:9527/api.json
2025-06-17T14:32:29.114+08:00 [INFO] pid[84448]: http server started listening on [:9527]

  ADDRESS | METHOD |             ROUTE              |                            HANDLER                             |           MIDDLEWARE             
----------|--------|--------------------------------|----------------------------------------------------------------|----------------------------------
  :9527   | ALL    | /*                             | xompose/internal/cmd/middleware.MiddlewareHandlerSession       | GLOBAL MIDDLEWARE                
----------|--------|--------------------------------|----------------------------------------------------------------|----------------------------------
  :9527   | ALL    | /api.json                      | github.com/gogf/gf/v2/net/ghttp.(*Server).openapiSpec          |                                  
----------|--------|--------------------------------|----------------------------------------------------------------|----------------------------------
  :9527   | POST   | /api/xompose/v1/login/username | xompose/internal/controller/login.(*ControllerV1).Login        | ghttp.MiddlewareHandlerResponse  
----------|--------|--------------------------------|----------------------------------------------------------------|----------------------------------
  :9527   | POST   | /api/xompose/v1/register       | xompose/internal/controller/login.(*ControllerV1).Register     | ghttp.MiddlewareHandlerResponse  
----------|--------|--------------------------------|----------------------------------------------------------------|----------------------------------
  :9527   | DELETE | /api/xompose/v1/stack          | xompose/internal/controller/stack.(*ControllerV1).StackDelete  | ghttp.MiddlewareHandlerResponse  
----------|--------|--------------------------------|----------------------------------------------------------------|----------------------------------
  :9527   | GET    | /api/xompose/v1/stack          | xompose/internal/controller/stack.(*ControllerV1).StackGet     | ghttp.MiddlewareHandlerResponse  
----------|--------|--------------------------------|----------------------------------------------------------------|----------------------------------
  :9527   | POST   | /api/xompose/v1/stack          | xompose/internal/controller/stack.(*ControllerV1).StackAdd     | ghttp.MiddlewareHandlerResponse  
----------|--------|--------------------------------|----------------------------------------------------------------|----------------------------------
  :9527   | PUT    | /api/xompose/v1/stack          | xompose/internal/controller/stack.(*ControllerV1).StackUpdate  | ghttp.MiddlewareHandlerResponse  
----------|--------|--------------------------------|----------------------------------------------------------------|----------------------------------
  :9527   | POST   | /api/xompose/v1/stack/deploy   | xompose/internal/controller/stack.(*ControllerV1).StackDeploy  | ghttp.MiddlewareHandlerResponse  
----------|--------|--------------------------------|----------------------------------------------------------------|----------------------------------
  :9527   | POST   | /api/xompose/v1/stack/restart  | xompose/internal/controller/stack.(*ControllerV1).StackRestart | ghttp.MiddlewareHandlerResponse  
----------|--------|--------------------------------|----------------------------------------------------------------|----------------------------------
  :9527   | POST   | /api/xompose/v1/stack/start    | xompose/internal/controller/stack.(*ControllerV1).StackStart   | ghttp.MiddlewareHandlerResponse  
----------|--------|--------------------------------|----------------------------------------------------------------|----------------------------------
  :9527   | POST   | /api/xompose/v1/stack/stop     | xompose/internal/controller/stack.(*ControllerV1).StackStop    | ghttp.MiddlewareHandlerResponse  
----------|--------|--------------------------------|----------------------------------------------------------------|----------------------------------
  :9527   | GET    | /api/xompose/v1/stacks         | xompose/internal/controller/stack.(*ControllerV1).StackList    | ghttp.MiddlewareHandlerResponse  
----------|--------|--------------------------------|----------------------------------------------------------------|----------------------------------
  :9527   | ALL    | /swagger/*                     | github.com/gogf/gf/v2/net/ghttp.(*Server).swaggerUI            | HOOK_BEFORE_SERVE                
----------|--------|--------------------------------|----------------------------------------------------------------|----------------------------------

2025-06-17T14:33:49.141+08:00 [INFO] swagger ui is serving at address: http://127.0.0.1:9527/swagger/
2025-06-17T14:33:49.141+08:00 [INFO] openapi specification is serving at address: http://127.0.0.1:9527/api.json
2025-06-17T14:33:49.141+08:00 [INFO] pid[84666]: http server started listening on [:9527]

  ADDRESS | METHOD |             ROUTE              |                            HANDLER                             |           MIDDLEWARE             
----------|--------|--------------------------------|----------------------------------------------------------------|----------------------------------
  :9527   | ALL    | /*                             | xompose/internal/cmd/middleware.MiddlewareHandlerSession       | GLOBAL MIDDLEWARE                
----------|--------|--------------------------------|----------------------------------------------------------------|----------------------------------
  :9527   | ALL    | /api.json                      | github.com/gogf/gf/v2/net/ghttp.(*Server).openapiSpec          |                                  
----------|--------|--------------------------------|----------------------------------------------------------------|----------------------------------
  :9527   | POST   | /api/xompose/v1/login/username | xompose/internal/controller/login.(*ControllerV1).Login        | ghttp.MiddlewareHandlerResponse  
----------|--------|--------------------------------|----------------------------------------------------------------|----------------------------------
  :9527   | POST   | /api/xompose/v1/register       | xompose/internal/controller/login.(*ControllerV1).Register     | ghttp.MiddlewareHandlerResponse  
----------|--------|--------------------------------|----------------------------------------------------------------|----------------------------------
  :9527   | DELETE | /api/xompose/v1/stack          | xompose/internal/controller/stack.(*ControllerV1).StackDelete  | ghttp.MiddlewareHandlerResponse  
----------|--------|--------------------------------|----------------------------------------------------------------|----------------------------------
  :9527   | GET    | /api/xompose/v1/stack          | xompose/internal/controller/stack.(*ControllerV1).StackGet     | ghttp.MiddlewareHandlerResponse  
----------|--------|--------------------------------|----------------------------------------------------------------|----------------------------------
  :9527   | POST   | /api/xompose/v1/stack          | xompose/internal/controller/stack.(*ControllerV1).StackAdd     | ghttp.MiddlewareHandlerResponse  
----------|--------|--------------------------------|----------------------------------------------------------------|----------------------------------
  :9527   | PUT    | /api/xompose/v1/stack          | xompose/internal/controller/stack.(*ControllerV1).StackUpdate  | ghttp.MiddlewareHandlerResponse  
----------|--------|--------------------------------|----------------------------------------------------------------|----------------------------------
  :9527   | POST   | /api/xompose/v1/stack/deploy   | xompose/internal/controller/stack.(*ControllerV1).StackDeploy  | ghttp.MiddlewareHandlerResponse  
----------|--------|--------------------------------|----------------------------------------------------------------|----------------------------------
  :9527   | POST   | /api/xompose/v1/stack/restart  | xompose/internal/controller/stack.(*ControllerV1).StackRestart | ghttp.MiddlewareHandlerResponse  
----------|--------|--------------------------------|----------------------------------------------------------------|----------------------------------
  :9527   | POST   | /api/xompose/v1/stack/start    | xompose/internal/controller/stack.(*ControllerV1).StackStart   | ghttp.MiddlewareHandlerResponse  
----------|--------|--------------------------------|----------------------------------------------------------------|----------------------------------
  :9527   | POST   | /api/xompose/v1/stack/stop     | xompose/internal/controller/stack.(*ControllerV1).StackStop    | ghttp.MiddlewareHandlerResponse  
----------|--------|--------------------------------|----------------------------------------------------------------|----------------------------------
  :9527   | GET    | /api/xompose/v1/stacks         | xompose/internal/controller/stack.(*ControllerV1).StackList    | ghttp.MiddlewareHandlerResponse  
----------|--------|--------------------------------|----------------------------------------------------------------|----------------------------------
  :9527   | ALL    | /swagger/*                     | github.com/gogf/gf/v2/net/ghttp.(*Server).swaggerUI            | HOOK_BEFORE_SERVE                
----------|--------|--------------------------------|----------------------------------------------------------------|----------------------------------

2025-06-17T14:34:05.183+08:00 [INFO] pid[84834]: http server started listening on [:9527]
2025-06-17T14:34:05.183+08:00 [INFO] swagger ui is serving at address: http://127.0.0.1:9527/swagger/
2025-06-17T14:34:05.183+08:00 [INFO] openapi specification is serving at address: http://127.0.0.1:9527/api.json

  ADDRESS | METHOD |             ROUTE              |                            HANDLER                             |           MIDDLEWARE             
----------|--------|--------------------------------|----------------------------------------------------------------|----------------------------------
  :9527   | ALL    | /*                             | xompose/internal/cmd/middleware.MiddlewareHandlerSession       | GLOBAL MIDDLEWARE                
----------|--------|--------------------------------|----------------------------------------------------------------|----------------------------------
  :9527   | ALL    | /api.json                      | github.com/gogf/gf/v2/net/ghttp.(*Server).openapiSpec          |                                  
----------|--------|--------------------------------|----------------------------------------------------------------|----------------------------------
  :9527   | POST   | /api/xompose/v1/login/username | xompose/internal/controller/login.(*ControllerV1).Login        | ghttp.MiddlewareHandlerResponse  
----------|--------|--------------------------------|----------------------------------------------------------------|----------------------------------
  :9527   | POST   | /api/xompose/v1/register       | xompose/internal/controller/login.(*ControllerV1).Register     | ghttp.MiddlewareHandlerResponse  
----------|--------|--------------------------------|----------------------------------------------------------------|----------------------------------
  :9527   | DELETE | /api/xompose/v1/stack          | xompose/internal/controller/stack.(*ControllerV1).StackDelete  | ghttp.MiddlewareHandlerResponse  
----------|--------|--------------------------------|----------------------------------------------------------------|----------------------------------
  :9527   | GET    | /api/xompose/v1/stack          | xompose/internal/controller/stack.(*ControllerV1).StackGet     | ghttp.MiddlewareHandlerResponse  
----------|--------|--------------------------------|----------------------------------------------------------------|----------------------------------
  :9527   | POST   | /api/xompose/v1/stack          | xompose/internal/controller/stack.(*ControllerV1).StackAdd     | ghttp.MiddlewareHandlerResponse  
----------|--------|--------------------------------|----------------------------------------------------------------|----------------------------------
  :9527   | PUT    | /api/xompose/v1/stack          | xompose/internal/controller/stack.(*ControllerV1).StackUpdate  | ghttp.MiddlewareHandlerResponse  
----------|--------|--------------------------------|----------------------------------------------------------------|----------------------------------
  :9527   | POST   | /api/xompose/v1/stack/deploy   | xompose/internal/controller/stack.(*ControllerV1).StackDeploy  | ghttp.MiddlewareHandlerResponse  
----------|--------|--------------------------------|----------------------------------------------------------------|----------------------------------
  :9527   | POST   | /api/xompose/v1/stack/restart  | xompose/internal/controller/stack.(*ControllerV1).StackRestart | ghttp.MiddlewareHandlerResponse  
----------|--------|--------------------------------|----------------------------------------------------------------|----------------------------------
  :9527   | POST   | /api/xompose/v1/stack/start    | xompose/internal/controller/stack.(*ControllerV1).StackStart   | ghttp.MiddlewareHandlerResponse  
----------|--------|--------------------------------|----------------------------------------------------------------|----------------------------------
  :9527   | POST   | /api/xompose/v1/stack/stop     | xompose/internal/controller/stack.(*ControllerV1).StackStop    | ghttp.MiddlewareHandlerResponse  
----------|--------|--------------------------------|----------------------------------------------------------------|----------------------------------
  :9527   | GET    | /api/xompose/v1/stacks         | xompose/internal/controller/stack.(*ControllerV1).StackList    | ghttp.MiddlewareHandlerResponse  
----------|--------|--------------------------------|----------------------------------------------------------------|----------------------------------
  :9527   | ALL    | /swagger/*                     | github.com/gogf/gf/v2/net/ghttp.(*Server).swaggerUI            | HOOK_BEFORE_SERVE                
----------|--------|--------------------------------|----------------------------------------------------------------|----------------------------------

2025-06-17T14:42:22.673+08:00 [INFO] swagger ui is serving at address: http://127.0.0.1:9527/swagger/
2025-06-17T14:42:22.674+08:00 [INFO] openapi specification is serving at address: http://127.0.0.1:9527/api.json
2025-06-17T14:42:22.673+08:00 [INFO] pid[87013]: http server started listening on [:9527]

  ADDRESS | METHOD |             ROUTE              |                            HANDLER                             |           MIDDLEWARE             
----------|--------|--------------------------------|----------------------------------------------------------------|----------------------------------
  :9527   | ALL    | /*                             | xompose/internal/cmd/middleware.MiddlewareHandlerSession       | GLOBAL MIDDLEWARE                
----------|--------|--------------------------------|----------------------------------------------------------------|----------------------------------
  :9527   | ALL    | /api.json                      | github.com/gogf/gf/v2/net/ghttp.(*Server).openapiSpec          |                                  
----------|--------|--------------------------------|----------------------------------------------------------------|----------------------------------
  :9527   | POST   | /api/xompose/v1/login/username | xompose/internal/controller/login.(*ControllerV1).Login        | ghttp.MiddlewareHandlerResponse  
----------|--------|--------------------------------|----------------------------------------------------------------|----------------------------------
  :9527   | POST   | /api/xompose/v1/register       | xompose/internal/controller/login.(*ControllerV1).Register     | ghttp.MiddlewareHandlerResponse  
----------|--------|--------------------------------|----------------------------------------------------------------|----------------------------------
  :9527   | DELETE | /api/xompose/v1/stack          | xompose/internal/controller/stack.(*ControllerV1).StackDelete  | ghttp.MiddlewareHandlerResponse  
----------|--------|--------------------------------|----------------------------------------------------------------|----------------------------------
  :9527   | GET    | /api/xompose/v1/stack          | xompose/internal/controller/stack.(*ControllerV1).StackGet     | ghttp.MiddlewareHandlerResponse  
----------|--------|--------------------------------|----------------------------------------------------------------|----------------------------------
  :9527   | POST   | /api/xompose/v1/stack          | xompose/internal/controller/stack.(*ControllerV1).StackAdd     | ghttp.MiddlewareHandlerResponse  
----------|--------|--------------------------------|----------------------------------------------------------------|----------------------------------
  :9527   | PUT    | /api/xompose/v1/stack          | xompose/internal/controller/stack.(*ControllerV1).StackUpdate  | ghttp.MiddlewareHandlerResponse  
----------|--------|--------------------------------|----------------------------------------------------------------|----------------------------------
  :9527   | POST   | /api/xompose/v1/stack/deploy   | xompose/internal/controller/stack.(*ControllerV1).StackDeploy  | ghttp.MiddlewareHandlerResponse  
----------|--------|--------------------------------|----------------------------------------------------------------|----------------------------------
  :9527   | POST   | /api/xompose/v1/stack/restart  | xompose/internal/controller/stack.(*ControllerV1).StackRestart | ghttp.MiddlewareHandlerResponse  
----------|--------|--------------------------------|----------------------------------------------------------------|----------------------------------
  :9527   | POST   | /api/xompose/v1/stack/start    | xompose/internal/controller/stack.(*ControllerV1).StackStart   | ghttp.MiddlewareHandlerResponse  
----------|--------|--------------------------------|----------------------------------------------------------------|----------------------------------
  :9527   | POST   | /api/xompose/v1/stack/stop     | xompose/internal/controller/stack.(*ControllerV1).StackStop    | ghttp.MiddlewareHandlerResponse  
----------|--------|--------------------------------|----------------------------------------------------------------|----------------------------------
  :9527   | GET    | /api/xompose/v1/stacks         | xompose/internal/controller/stack.(*ControllerV1).StackList    | ghttp.MiddlewareHandlerResponse  
----------|--------|--------------------------------|----------------------------------------------------------------|----------------------------------
  :9527   | ALL    | /swagger/*                     | github.com/gogf/gf/v2/net/ghttp.(*Server).swaggerUI            | HOOK_BEFORE_SERVE                
----------|--------|--------------------------------|----------------------------------------------------------------|----------------------------------

2025-06-17T15:13:59.180+08:00 [INFO] swagger ui is serving at address: http://127.0.0.1:9527/swagger/
2025-06-17T15:13:59.180+08:00 [INFO] pid[91791]: http server started listening on [:9527]
2025-06-17T15:13:59.181+08:00 [INFO] openapi specification is serving at address: http://127.0.0.1:9527/api.json

  ADDRESS | METHOD |             ROUTE              |                            HANDLER                             |           MIDDLEWARE             
----------|--------|--------------------------------|----------------------------------------------------------------|----------------------------------
  :9527   | ALL    | /*                             | xompose/internal/cmd/middleware.MiddlewareHandlerSession       | GLOBAL MIDDLEWARE                
----------|--------|--------------------------------|----------------------------------------------------------------|----------------------------------
  :9527   | ALL    | /api.json                      | github.com/gogf/gf/v2/net/ghttp.(*Server).openapiSpec          |                                  
----------|--------|--------------------------------|----------------------------------------------------------------|----------------------------------
  :9527   | POST   | /api/xompose/v1/login/username | xompose/internal/controller/login.(*ControllerV1).Login        | ghttp.MiddlewareHandlerResponse  
----------|--------|--------------------------------|----------------------------------------------------------------|----------------------------------
  :9527   | POST   | /api/xompose/v1/register       | xompose/internal/controller/login.(*ControllerV1).Register     | ghttp.MiddlewareHandlerResponse  
----------|--------|--------------------------------|----------------------------------------------------------------|----------------------------------
  :9527   | DELETE | /api/xompose/v1/stack          | xompose/internal/controller/stack.(*ControllerV1).StackDelete  | ghttp.MiddlewareHandlerResponse  
----------|--------|--------------------------------|----------------------------------------------------------------|----------------------------------
  :9527   | GET    | /api/xompose/v1/stack          | xompose/internal/controller/stack.(*ControllerV1).StackGet     | ghttp.MiddlewareHandlerResponse  
----------|--------|--------------------------------|----------------------------------------------------------------|----------------------------------
  :9527   | POST   | /api/xompose/v1/stack          | xompose/internal/controller/stack.(*ControllerV1).StackAdd     | ghttp.MiddlewareHandlerResponse  
----------|--------|--------------------------------|----------------------------------------------------------------|----------------------------------
  :9527   | PUT    | /api/xompose/v1/stack          | xompose/internal/controller/stack.(*ControllerV1).StackUpdate  | ghttp.MiddlewareHandlerResponse  
----------|--------|--------------------------------|----------------------------------------------------------------|----------------------------------
  :9527   | POST   | /api/xompose/v1/stack/deploy   | xompose/internal/controller/stack.(*ControllerV1).StackDeploy  | ghttp.MiddlewareHandlerResponse  
----------|--------|--------------------------------|----------------------------------------------------------------|----------------------------------
  :9527   | POST   | /api/xompose/v1/stack/restart  | xompose/internal/controller/stack.(*ControllerV1).StackRestart | ghttp.MiddlewareHandlerResponse  
----------|--------|--------------------------------|----------------------------------------------------------------|----------------------------------
  :9527   | POST   | /api/xompose/v1/stack/start    | xompose/internal/controller/stack.(*ControllerV1).StackStart   | ghttp.MiddlewareHandlerResponse  
----------|--------|--------------------------------|----------------------------------------------------------------|----------------------------------
  :9527   | POST   | /api/xompose/v1/stack/stop     | xompose/internal/controller/stack.(*ControllerV1).StackStop    | ghttp.MiddlewareHandlerResponse  
----------|--------|--------------------------------|----------------------------------------------------------------|----------------------------------
  :9527   | GET    | /api/xompose/v1/stacks         | xompose/internal/controller/stack.(*ControllerV1).StackList    | ghttp.MiddlewareHandlerResponse  
----------|--------|--------------------------------|----------------------------------------------------------------|----------------------------------
  :9527   | ALL    | /swagger/*                     | github.com/gogf/gf/v2/net/ghttp.(*Server).swaggerUI            | HOOK_BEFORE_SERVE                
----------|--------|--------------------------------|----------------------------------------------------------------|----------------------------------

2025-06-17T15:29:45.240+08:00 [INFO] swagger ui is serving at address: http://127.0.0.1:9527/swagger/
2025-06-17T15:29:45.240+08:00 [INFO] pid[93965]: http server started listening on [:9527]
2025-06-17T15:29:45.241+08:00 [INFO] openapi specification is serving at address: http://127.0.0.1:9527/api.json

  ADDRESS | METHOD |             ROUTE              |                            HANDLER                             |           MIDDLEWARE             
----------|--------|--------------------------------|----------------------------------------------------------------|----------------------------------
  :9527   | ALL    | /*                             | xompose/internal/cmd/middleware.MiddlewareHandlerSession       | GLOBAL MIDDLEWARE                
----------|--------|--------------------------------|----------------------------------------------------------------|----------------------------------
  :9527   | ALL    | /api.json                      | github.com/gogf/gf/v2/net/ghttp.(*Server).openapiSpec          |                                  
----------|--------|--------------------------------|----------------------------------------------------------------|----------------------------------
  :9527   | POST   | /api/xompose/v1/login/username | xompose/internal/controller/login.(*ControllerV1).Login        | ghttp.MiddlewareHandlerResponse  
----------|--------|--------------------------------|----------------------------------------------------------------|----------------------------------
  :9527   | POST   | /api/xompose/v1/register       | xompose/internal/controller/login.(*ControllerV1).Register     | ghttp.MiddlewareHandlerResponse  
----------|--------|--------------------------------|----------------------------------------------------------------|----------------------------------
  :9527   | DELETE | /api/xompose/v1/stack          | xompose/internal/controller/stack.(*ControllerV1).StackDelete  | ghttp.MiddlewareHandlerResponse  
----------|--------|--------------------------------|----------------------------------------------------------------|----------------------------------
  :9527   | GET    | /api/xompose/v1/stack          | xompose/internal/controller/stack.(*ControllerV1).StackGet     | ghttp.MiddlewareHandlerResponse  
----------|--------|--------------------------------|----------------------------------------------------------------|----------------------------------
  :9527   | POST   | /api/xompose/v1/stack          | xompose/internal/controller/stack.(*ControllerV1).StackAdd     | ghttp.MiddlewareHandlerResponse  
----------|--------|--------------------------------|----------------------------------------------------------------|----------------------------------
  :9527   | PUT    | /api/xompose/v1/stack          | xompose/internal/controller/stack.(*ControllerV1).StackUpdate  | ghttp.MiddlewareHandlerResponse  
----------|--------|--------------------------------|----------------------------------------------------------------|----------------------------------
  :9527   | POST   | /api/xompose/v1/stack/deploy   | xompose/internal/controller/stack.(*ControllerV1).StackDeploy  | ghttp.MiddlewareHandlerResponse  
----------|--------|--------------------------------|----------------------------------------------------------------|----------------------------------
  :9527   | POST   | /api/xompose/v1/stack/restart  | xompose/internal/controller/stack.(*ControllerV1).StackRestart | ghttp.MiddlewareHandlerResponse  
----------|--------|--------------------------------|----------------------------------------------------------------|----------------------------------
  :9527   | POST   | /api/xompose/v1/stack/start    | xompose/internal/controller/stack.(*ControllerV1).StackStart   | ghttp.MiddlewareHandlerResponse  
----------|--------|--------------------------------|----------------------------------------------------------------|----------------------------------
  :9527   | POST   | /api/xompose/v1/stack/stop     | xompose/internal/controller/stack.(*ControllerV1).StackStop    | ghttp.MiddlewareHandlerResponse  
----------|--------|--------------------------------|----------------------------------------------------------------|----------------------------------
  :9527   | GET    | /api/xompose/v1/stacks         | xompose/internal/controller/stack.(*ControllerV1).StackList    | ghttp.MiddlewareHandlerResponse  
----------|--------|--------------------------------|----------------------------------------------------------------|----------------------------------
  :9527   | ALL    | /swagger/*                     | github.com/gogf/gf/v2/net/ghttp.(*Server).swaggerUI            | HOOK_BEFORE_SERVE                
----------|--------|--------------------------------|----------------------------------------------------------------|----------------------------------

