2025-06-17T11:40:51.085+08:00 [DEBU] {a81011c476b74918b22ab06633e624be} [150 ms] [default] [xompose] [rows:7  ] SHOW FULL COLUMNS FROM `stack`
2025-06-17T11:40:51.088+08:00 [DEBU] {a81011c476b74918b22ab06633e624be} [  3 ms] [default] [xompose] [rows:1  ] SELECT COUNT(1) FROM `stack` WHERE `deleted_at`=0
2025-06-17T11:41:30.432+08:00 [DEBU] {b0e2d9f47fb74918008bad5b132e5749} [ 25 ms] [default] [xompose] [rows:7  ] SHOW FULL COLUMNS FROM `stack`
2025-06-17T11:41:30.433+08:00 [DEBU] {b0e2d9f47fb74918008bad5b132e5749} [  1 ms] [default] [xompose] [rows:1  ] SELECT COUNT(1) FROM `stack` WHERE `deleted_at`=0
2025-06-17T13:09:59.237+08:00 [DEBU] {f028fef853bc49183f584e2403e4bd4f} [127 ms] [default] [xompose] [rows:8  ] SHOW FULL COLUMNS FROM `stack`
2025-06-17T13:09:59.240+08:00 [DEBU] {f028fef853bc49183f584e2403e4bd4f} [  2 ms] [default] [xompose] [rows:1  ] SELECT COUNT(1) FROM `stack` WHERE `deleted_at`=0
2025-06-17T13:33:16.954+08:00 [DEBU] {38c3096a99bd49185e0c5412a71068ca} [133 ms] [default] [xompose] [rows:3  ] SHOW TABLES
2025-06-17T13:33:16.957+08:00 [DEBU] {38c3096a99bd49185e0c5412a71068ca} [  3 ms] [default] [xompose] [rows:6  ] SHOW FULL COLUMNS FROM `user`
2025-06-17T13:33:16.961+08:00 [DEBU] {38c3096a99bd49185e0c5412a71068ca} [  4 ms] [default] [xompose] [rows:0  ] SELECT `id`,`created_at`,`updated_at`,`deleted_at`,`username`,`password` FROM `user` WHERE (`username`='xiaolu') AND `deleted_at`=0 LIMIT 1
2025-06-17T13:33:17.041+08:00 [DEBU] {38c3096a99bd49185e0c5412a71068ca} [ 11 ms] [default] [xompose] [rows:1  ] INSERT INTO `user`(`created_at`,`updated_at`,`deleted_at`,`username`,`password`) VALUES('2025-06-17 13:33:17','2025-06-17 13:33:17',0,'xiaolu','$2a$10$iF7VOMpQur1X0VMxzxxvYu6E0/zwM5wF6HC1eHh4ivd8Qqwqsrw.2') 
2025-06-17T13:34:01.726+08:00 [DEBU] {40dc9cdda3bd4918610c54125e9632a8} [ 20 ms] [default] [xompose] [rows:1  ] SELECT `id`,`created_at`,`updated_at`,`deleted_at`,`username`,`password` FROM `user` WHERE (`username`='xiaolu') AND `deleted_at`=0 LIMIT 1
2025-06-17T13:34:01.801+08:00 [DEBU] {40dc9cdda3bd4918610c54125e9632a8} [  2 ms] [default] [xompose] [rows:1  ] SELECT `id`,`created_at`,`updated_at`,`deleted_at`,`username`,`password` FROM `user` WHERE (`id`=4) AND `deleted_at`=0 LIMIT 1
2025-06-17T13:34:05.123+08:00 [DEBU] {c8ae2fa9a4bd4918620c541299a60676} [  2 ms] [default] [xompose] [rows:1  ] SELECT `id`,`created_at`,`updated_at`,`deleted_at`,`username`,`password` FROM `user` WHERE (`id`=4) AND `deleted_at`=0 LIMIT 1
2025-06-17T13:34:05.145+08:00 [DEBU] {c8ae2fa9a4bd4918620c541299a60676} [  9 ms] [default] [xompose] [rows:8  ] SHOW FULL COLUMNS FROM `stack`
2025-06-17T13:34:05.148+08:00 [DEBU] {c8ae2fa9a4bd4918620c541299a60676} [  3 ms] [default] [xompose] [rows:1  ] SELECT COUNT(1) FROM `stack` WHERE `deleted_at`=0
2025-06-17T13:35:01.828+08:00 [DEBU] {d022bfdbb1bd4918630c54124d0551da} [ 24 ms] [default] [xompose] [rows:1  ] SELECT `id`,`created_at`,`updated_at`,`deleted_at`,`username`,`password` FROM `user` WHERE (`id`=4) AND `deleted_at`=0 LIMIT 1
2025-06-17T13:35:08.129+08:00 [DEBU] {9075a054b3bd4918640c5412867c306d} [  2 ms] [default] [xompose] [rows:1  ] SELECT `id`,`created_at`,`updated_at`,`deleted_at`,`username`,`password` FROM `user` WHERE (`id`=4) AND `deleted_at`=0 LIMIT 1
2025-06-17T13:35:08.132+08:00 [DEBU] {9075a054b3bd4918640c5412867c306d} [  2 ms] [default] [xompose] [rows:0  ] SELECT `id`,`created_at`,`updated_at`,`deleted_at`,`stack_name`,`yaml_content`,`stack_status`,`yaml_path` FROM `stack` WHERE (`stack_name`='compose') AND `deleted_at`=0 LIMIT 1
2025-06-17T13:35:30.168+08:00 [DEBU] {e0544675b8bd4918650c541287fefaa1} [ 18 ms] [default] [xompose] [rows:1  ] SELECT `id`,`created_at`,`updated_at`,`deleted_at`,`username`,`password` FROM `user` WHERE (`id`=4) AND `deleted_at`=0 LIMIT 1
2025-06-17T13:35:35.462+08:00 [DEBU] {e0544675b8bd4918650c541287fefaa1} [ 16 ms] [default] [xompose] [rows:0  ] SELECT `id`,`created_at`,`updated_at`,`deleted_at`,`stack_name`,`yaml_content`,`stack_status`,`yaml_path` FROM `stack` WHERE (`stack_name`='compose') AND `deleted_at`=0 LIMIT 1
2025-06-17T13:36:00.576+08:00 [DEBU] {086dc586bfbd4918e716e462cf304b84} [ 65 ms] [default] [xompose] [rows:3  ] SHOW TABLES
2025-06-17T13:36:00.581+08:00 [DEBU] {086dc586bfbd4918e716e462cf304b84} [  4 ms] [default] [xompose] [rows:6  ] SHOW FULL COLUMNS FROM `user`
2025-06-17T13:36:00.583+08:00 [DEBU] {086dc586bfbd4918e716e462cf304b84} [  1 ms] [default] [xompose] [rows:1  ] SELECT `id`,`created_at`,`updated_at`,`deleted_at`,`username`,`password` FROM `user` WHERE (`id`=4) AND `deleted_at`=0 LIMIT 1
2025-06-17T13:36:02.279+08:00 [DEBU] {086dc586bfbd4918e716e462cf304b84} [  5 ms] [default] [xompose] [rows:8  ] SHOW FULL COLUMNS FROM `stack`
2025-06-17T13:36:02.281+08:00 [DEBU] {086dc586bfbd4918e716e462cf304b84} [  2 ms] [default] [xompose] [rows:0  ] SELECT `id`,`created_at`,`updated_at`,`deleted_at`,`stack_name`,`yaml_content`,`stack_status`,`yaml_path` FROM `stack` WHERE (`stack_name`='compose') AND `deleted_at`=0 LIMIT 1
2025-06-17T13:40:47.946+08:00 [DEBU] {1060b46d02be4918e816e462f1c9ea2c} [ 86 ms] [default] [xompose] [rows:1  ] SELECT `id`,`created_at`,`updated_at`,`deleted_at`,`username`,`password` FROM `user` WHERE (`id`=4) AND `deleted_at`=0 LIMIT 1
2025-06-17T13:40:47.954+08:00 [DEBU] {1060b46d02be4918e816e462f1c9ea2c} [  3 ms] [default] [xompose] [rows:0  ] SELECT `id`,`created_at`,`updated_at`,`deleted_at`,`stack_name`,`yaml_content`,`stack_status`,`yaml_path` FROM `stack` WHERE (`stack_name`='web') AND `deleted_at`=0 LIMIT 1
2025-06-17T13:40:47.963+08:00 [DEBU] {1060b46d02be4918e816e462f1c9ea2c} [  8 ms] [default] [xompose] [rows:1  ] INSERT INTO `stack`(`created_at`,`updated_at`,`deleted_at`,`stack_name`,`yaml_content`) VALUES('2025-06-17 13:40:47','2025-06-17 13:40:47',0,'web','services:\n  nginx:\n    image: nginx:latest\n    restart: unless-stopped\n    ports:\n      - 8380:80\nnetworks: {}') 
2025-06-17T13:49:41.117+08:00 [DEBU] {f841e88e7ebe49180409bd19d9d1fafa} [132 ms] [default] [xompose] [rows:3  ] SHOW TABLES
2025-06-17T13:49:41.120+08:00 [DEBU] {f841e88e7ebe49180409bd19d9d1fafa} [  2 ms] [default] [xompose] [rows:6  ] SHOW FULL COLUMNS FROM `user`
2025-06-17T13:49:41.122+08:00 [DEBU] {f841e88e7ebe49180409bd19d9d1fafa} [  1 ms] [default] [xompose] [rows:1  ] SELECT `id`,`created_at`,`updated_at`,`deleted_at`,`username`,`password` FROM `user` WHERE (`id`=4) AND `deleted_at`=0 LIMIT 1
2025-06-17T13:49:41.125+08:00 [DEBU] {f841e88e7ebe49180409bd19d9d1fafa} [  1 ms] [default] [xompose] [rows:8  ] SHOW FULL COLUMNS FROM `stack`
2025-06-17T13:49:41.126+08:00 [DEBU] {f841e88e7ebe49180409bd19d9d1fafa} [  1 ms] [default] [xompose] [rows:0  ] SELECT `id`,`created_at`,`updated_at`,`deleted_at`,`stack_name`,`yaml_content`,`stack_status`,`yaml_path` FROM `stack` WHERE (`stack_name`='web') AND `deleted_at`=0 LIMIT 1
2025-06-17T13:49:41.135+08:00 [DEBU] {f841e88e7ebe49180409bd19d9d1fafa} [  8 ms] [default] [xompose] [rows:1  ] INSERT INTO `stack`(`created_at`,`updated_at`,`deleted_at`,`stack_name`,`yaml_content`,`stack_status`,`yaml_path`) VALUES('2025-06-17 13:49:41','2025-06-17 13:49:41',0,'web','services:\n  nginx:\n    image: nginx:latest\n    restart: unless-stopped\n    ports:\n      - 8338:80\nnetworks: {}','running','/opt/stacks/web/compose.yml') 
2025-06-17T14:29:20.641+08:00 [DEBU] {a8c8a19aa8c049180509bd197d1b7452} [ 38 ms] [default] [xompose] [rows:1  ] SELECT `id`,`created_at`,`updated_at`,`deleted_at`,`username`,`password` FROM `user` WHERE (`id`=4) AND `deleted_at`=0 LIMIT 1
2025-06-17T14:30:30.257+08:00 [DEBU] {48fb26ceb8c049180609bd195498ca99} [ 75 ms] [default] [xompose] [rows:1  ] SELECT `id`,`created_at`,`updated_at`,`deleted_at`,`username`,`password` FROM `user` WHERE (`id`=4) AND `deleted_at`=0 LIMIT 1
2025-06-17T14:32:32.473+08:00 [DEBU] {808f2541d5c0491811092b0bdf3518d9} [109 ms] [default] [xompose] [rows:3  ] SHOW TABLES
2025-06-17T14:32:32.478+08:00 [DEBU] {808f2541d5c0491811092b0bdf3518d9} [  5 ms] [default] [xompose] [rows:6  ] SHOW FULL COLUMNS FROM `user`
2025-06-17T14:32:32.480+08:00 [DEBU] {808f2541d5c0491811092b0bdf3518d9} [  2 ms] [default] [xompose] [rows:1  ] SELECT `id`,`created_at`,`updated_at`,`deleted_at`,`username`,`password` FROM `user` WHERE (`id`=4) AND `deleted_at`=0 LIMIT 1
2025-06-17T14:32:32.481+08:00 [DEBU] {808f2541d5c0491811092b0bdf3518d9} [  1 ms] [default] [xompose] [rows:8  ] SHOW FULL COLUMNS FROM `stack`
2025-06-17T14:32:32.482+08:00 [DEBU] {808f2541d5c0491811092b0bdf3518d9} [  1 ms] [default] [xompose] [rows:1  ] SELECT `id`,`created_at`,`updated_at`,`deleted_at`,`stack_name`,`yaml_content`,`stack_status`,`yaml_path` FROM `stack` WHERE (`stack_name`='web') AND `deleted_at`=0 LIMIT 1
2025-06-17T14:33:54.592+08:00 [DEBU] {1076d75fe8c0491887b5915e74029395} [107 ms] [default] [xompose] [rows:3  ] SHOW TABLES
2025-06-17T14:33:54.596+08:00 [DEBU] {1076d75fe8c0491887b5915e74029395} [  4 ms] [default] [xompose] [rows:6  ] SHOW FULL COLUMNS FROM `user`
2025-06-17T14:33:54.597+08:00 [DEBU] {1076d75fe8c0491887b5915e74029395} [  1 ms] [default] [xompose] [rows:1  ] SELECT `id`,`created_at`,`updated_at`,`deleted_at`,`username`,`password` FROM `user` WHERE (`id`=4) AND `deleted_at`=0 LIMIT 1
2025-06-17T14:33:54.598+08:00 [DEBU] {1076d75fe8c0491887b5915e74029395} [  1 ms] [default] [xompose] [rows:8  ] SHOW FULL COLUMNS FROM `stack`
2025-06-17T14:33:54.599+08:00 [DEBU] {1076d75fe8c0491887b5915e74029395} [  0 ms] [default] [xompose] [rows:1  ] SELECT `id`,`created_at`,`updated_at`,`deleted_at`,`stack_name`,`yaml_content`,`stack_status`,`yaml_path` FROM `stack` WHERE (`stack_name`='web') AND `deleted_at`=0 LIMIT 1
2025-06-17T14:34:05.816+08:00 [DEBU] {901b0302ebc0491816944d383b095414} [ 21 ms] [default] [xompose] [rows:3  ] SHOW TABLES
2025-06-17T14:34:05.820+08:00 [DEBU] {901b0302ebc0491816944d383b095414} [  3 ms] [default] [xompose] [rows:6  ] SHOW FULL COLUMNS FROM `user`
2025-06-17T14:34:05.821+08:00 [DEBU] {901b0302ebc0491816944d383b095414} [  1 ms] [default] [xompose] [rows:1  ] SELECT `id`,`created_at`,`updated_at`,`deleted_at`,`username`,`password` FROM `user` WHERE (`id`=4) AND `deleted_at`=0 LIMIT 1
2025-06-17T14:34:05.822+08:00 [DEBU] {901b0302ebc0491816944d383b095414} [  1 ms] [default] [xompose] [rows:8  ] SHOW FULL COLUMNS FROM `stack`
2025-06-17T14:34:05.823+08:00 [DEBU] {901b0302ebc0491816944d383b095414} [  1 ms] [default] [xompose] [rows:1  ] SELECT `id`,`created_at`,`updated_at`,`deleted_at`,`stack_name`,`yaml_content`,`stack_status`,`yaml_path` FROM `stack` WHERE (`stack_name`='web') AND `deleted_at`=0 LIMIT 1
2025-06-17T14:35:37.773+08:00 [DEBU] {0017506b00c1491817944d38a423836e} [ 18 ms] [default] [xompose] [rows:1  ] SELECT `id`,`created_at`,`updated_at`,`deleted_at`,`username`,`password` FROM `user` WHERE (`id`=4) AND `deleted_at`=0 LIMIT 1
2025-06-17T14:35:37.775+08:00 [DEBU] {0017506b00c1491817944d38a423836e} [  1 ms] [default] [xompose] [rows:1  ] SELECT `id`,`created_at`,`updated_at`,`deleted_at`,`stack_name`,`yaml_content`,`stack_status`,`yaml_path` FROM `stack` WHERE (`stack_name`='web') AND `deleted_at`=0 LIMIT 1
2025-06-17T14:36:14.391+08:00 [DEBU] {8091e4f108c1491818944d38b3dad2ae} [ 19 ms] [default] [xompose] [rows:1  ] SELECT `id`,`created_at`,`updated_at`,`deleted_at`,`username`,`password` FROM `user` WHERE (`id`=4) AND `deleted_at`=0 LIMIT 1
2025-06-17T14:36:14.393+08:00 [DEBU] {8091e4f108c1491818944d38b3dad2ae} [  1 ms] [default] [xompose] [rows:1  ] SELECT `id`,`created_at`,`updated_at`,`deleted_at`,`stack_name`,`yaml_content`,`stack_status`,`yaml_path` FROM `stack` WHERE (`stack_name`='web') AND `deleted_at`=0 LIMIT 1
2025-06-17T14:42:28.156+08:00 [DEBU] {d8dd1ff75fc149181c215f4ba8caeb22} [ 31 ms] [default] [xompose] [rows:3  ] SHOW TABLES
2025-06-17T14:42:28.160+08:00 [DEBU] {d8dd1ff75fc149181c215f4ba8caeb22} [  4 ms] [default] [xompose] [rows:6  ] SHOW FULL COLUMNS FROM `user`
2025-06-17T14:42:28.162+08:00 [DEBU] {d8dd1ff75fc149181c215f4ba8caeb22} [  2 ms] [default] [xompose] [rows:1  ] SELECT `id`,`created_at`,`updated_at`,`deleted_at`,`username`,`password` FROM `user` WHERE (`id`=4) AND `deleted_at`=0 LIMIT 1
2025-06-17T14:42:28.164+08:00 [DEBU] {d8dd1ff75fc149181c215f4ba8caeb22} [  2 ms] [default] [xompose] [rows:8  ] SHOW FULL COLUMNS FROM `stack`
2025-06-17T14:42:28.165+08:00 [DEBU] {d8dd1ff75fc149181c215f4ba8caeb22} [  1 ms] [default] [xompose] [rows:1  ] SELECT `id`,`created_at`,`updated_at`,`deleted_at`,`stack_name`,`yaml_content`,`stack_status`,`yaml_path` FROM `stack` WHERE (`stack_name`='web') AND `deleted_at`=0 LIMIT 1
2025-06-17T14:42:28.171+08:00 [DEBU] {d8dd1ff75fc149181c215f4ba8caeb22} [  1 ms] [default] [xompose] [rows:0  ] [txid:1] BEGIN (IosolationLevel: Default, ReadOnly: false)
2025-06-17T14:42:28.618+08:00 [DEBU] {d8dd1ff75fc149181c215f4ba8caeb22} [  2 ms] [default] [xompose] [rows:1  ] [txid:1] UPDATE `stack` SET `updated_at`='2025-06-17 14:42:28',`stack_status`='running' WHERE (`stack_name`='web') AND `deleted_at`=0
2025-06-17T14:42:28.622+08:00 [DEBU] {d8dd1ff75fc149181c215f4ba8caeb22} [  4 ms] [default] [xompose] [rows:0  ] [txid:1] COMMIT
2025-06-17T15:07:19.957+08:00 [DEBU] {98251c46bbc2491820215f4b86e69253} [124 ms] [default] [xompose] [rows:1  ] SELECT `id`,`created_at`,`updated_at`,`deleted_at`,`username`,`password` FROM `user` WHERE (`username`='xiaolu') AND `deleted_at`=0 LIMIT 1
2025-06-17T15:07:22.019+08:00 [DEBU] {885b21cabbc2491821215f4b1d4f4fda} [  3 ms] [default] [xompose] [rows:1  ] SELECT `id`,`created_at`,`updated_at`,`deleted_at`,`username`,`password` FROM `user` WHERE (`username`='xiaolu') AND `deleted_at`=0 LIMIT 1
2025-06-17T15:08:45.676+08:00 [DEBU] {38e15f42cfc2491822215f4b3c7bc132} [ 23 ms] [default] [xompose] [rows:1  ] SELECT `id`,`created_at`,`updated_at`,`deleted_at`,`username`,`password` FROM `user` WHERE (`username`='xiaolu') AND `deleted_at`=0 LIMIT 1
2025-06-17T15:08:45.749+08:00 [DEBU] {38e15f42cfc2491822215f4b3c7bc132} [  2 ms] [default] [xompose] [rows:1  ] SELECT `id`,`created_at`,`updated_at`,`deleted_at`,`username`,`password` FROM `user` WHERE (`id`=4) AND `deleted_at`=0 LIMIT 1
2025-06-17T15:12:00.186+08:00 [DEBU] {480dd586fcc2491823215f4b815dc567} [125 ms] [default] [xompose] [rows:1  ] SELECT `id`,`created_at`,`updated_at`,`deleted_at`,`username`,`password` FROM `user` WHERE (`id`=4) AND `deleted_at`=0 LIMIT 1
2025-06-17T15:12:00.294+08:00 [DEBU] {480dd586fcc2491823215f4b815dc567} [  7 ms] [default] [xompose] [rows:1  ] SELECT COUNT(1) FROM `stack` WHERE `deleted_at`=0
2025-06-17T15:12:16.494+08:00 [DEBU] {80772a5900c3491824215f4b850ef998} [ 18 ms] [default] [xompose] [rows:1  ] SELECT `id`,`created_at`,`updated_at`,`deleted_at`,`username`,`password` FROM `user` WHERE (`id`=4) AND `deleted_at`=0 LIMIT 1
2025-06-17T15:12:16.511+08:00 [DEBU] {80772a5900c3491824215f4b850ef998} [  2 ms] [default] [xompose] [rows:1  ] SELECT COUNT(1) FROM `stack` WHERE `deleted_at`=0
2025-06-17T15:12:27.327+08:00 [DEBU] {100a61df02c3491825215f4b067f679f} [ 12 ms] [default] [xompose] [rows:1  ] SELECT `id`,`created_at`,`updated_at`,`deleted_at`,`username`,`password` FROM `user` WHERE (`id`=4) AND `deleted_at`=0 LIMIT 1
2025-06-17T15:12:27.386+08:00 [DEBU] {100a61df02c3491825215f4b067f679f} [ 35 ms] [default] [xompose] [rows:1  ] SELECT COUNT(1) FROM `stack` WHERE `deleted_at`=0
2025-06-17T15:12:28.419+08:00 [DEBU] {08e0f12003c3491826215f4b0f4e2e7e} [  2 ms] [default] [xompose] [rows:1  ] SELECT `id`,`created_at`,`updated_at`,`deleted_at`,`username`,`password` FROM `user` WHERE (`id`=4) AND `deleted_at`=0 LIMIT 1
2025-06-17T15:12:28.429+08:00 [DEBU] {08e0f12003c3491826215f4b0f4e2e7e} [  1 ms] [default] [xompose] [rows:1  ] SELECT COUNT(1) FROM `stack` WHERE `deleted_at`=0
2025-06-17T15:12:29.968+08:00 [DEBU] {b8d95f7c03c3491827215f4b2996bf40} [ 19 ms] [default] [xompose] [rows:1  ] SELECT `id`,`created_at`,`updated_at`,`deleted_at`,`username`,`password` FROM `user` WHERE (`id`=4) AND `deleted_at`=0 LIMIT 1
2025-06-17T15:12:29.993+08:00 [DEBU] {b8d95f7c03c3491827215f4b2996bf40} [  3 ms] [default] [xompose] [rows:1  ] SELECT COUNT(1) FROM `stack` WHERE `deleted_at`=0
2025-06-17T15:12:34.499+08:00 [DEBU] {0099db8904c3491828215f4bf9ae7a6f} [ 27 ms] [default] [xompose] [rows:1  ] SELECT `id`,`created_at`,`updated_at`,`deleted_at`,`username`,`password` FROM `user` WHERE (`id`=4) AND `deleted_at`=0 LIMIT 1
2025-06-17T15:12:34.519+08:00 [DEBU] {0099db8904c3491828215f4bf9ae7a6f} [  7 ms] [default] [xompose] [rows:1  ] SELECT COUNT(1) FROM `stack` WHERE `deleted_at`=0
2025-06-17T15:13:59.587+08:00 [DEBU] {d0164e5618c34918120caa4b55515a62} [ 80 ms] [default] [xompose] [rows:3  ] SHOW TABLES
2025-06-17T15:13:59.593+08:00 [DEBU] {d0164e5618c34918120caa4b55515a62} [  5 ms] [default] [xompose] [rows:6  ] SHOW FULL COLUMNS FROM `user`
2025-06-17T15:13:59.595+08:00 [DEBU] {d0164e5618c34918120caa4b55515a62} [  2 ms] [default] [xompose] [rows:1  ] SELECT `id`,`created_at`,`updated_at`,`deleted_at`,`username`,`password` FROM `user` WHERE (`id`=4) AND `deleted_at`=0 LIMIT 1
2025-06-17T15:14:02.596+08:00 [DEBU] {d0164e5618c34918120caa4b55515a62} [ 16 ms] [default] [xompose] [rows:8  ] SHOW FULL COLUMNS FROM `stack`
2025-06-17T15:14:02.599+08:00 [DEBU] {d0164e5618c34918120caa4b55515a62} [  3 ms] [default] [xompose] [rows:1  ] SELECT `id`,`created_at`,`updated_at`,`deleted_at`,`stack_name`,`yaml_content`,`stack_status`,`yaml_path` FROM `stack` WHERE `deleted_at`=0
2025-06-17T15:14:43.475+08:00 [DEBU] {180fa19022c34918130caa4b393881b5} [ 40 ms] [default] [xompose] [rows:1  ] SELECT `id`,`created_at`,`updated_at`,`deleted_at`,`username`,`password` FROM `user` WHERE (`id`=4) AND `deleted_at`=0 LIMIT 1
2025-06-17T15:14:47.378+08:00 [DEBU] {180fa19022c34918130caa4b393881b5} [  7 ms] [default] [xompose] [rows:1  ] SELECT `id`,`created_at`,`updated_at`,`deleted_at`,`stack_name`,`yaml_content`,`stack_status`,`yaml_path` FROM `stack` WHERE `deleted_at`=0
2025-06-17T15:14:56.285+08:00 [DEBU] {a8ba5f8e25c34918140caa4bcfdb1658} [  5 ms] [default] [xompose] [rows:1  ] SELECT `id`,`created_at`,`updated_at`,`deleted_at`,`username`,`password` FROM `user` WHERE (`id`=4) AND `deleted_at`=0 LIMIT 1
2025-06-17T15:14:56.296+08:00 [DEBU] {a8ba5f8e25c34918140caa4bcfdb1658} [  1 ms] [default] [xompose] [rows:1  ] SELECT `id`,`created_at`,`updated_at`,`deleted_at`,`stack_name`,`yaml_content`,`stack_status`,`yaml_path` FROM `stack` WHERE `deleted_at`=0
2025-06-17T15:18:02.282+08:00 [DEBU] {683a9ed550c34918150caa4b69a952f1} [114 ms] [default] [xompose] [rows:1  ] SELECT `id`,`created_at`,`updated_at`,`deleted_at`,`username`,`password` FROM `user` WHERE (`id`=4) AND `deleted_at`=0 LIMIT 1
2025-06-17T15:18:02.298+08:00 [DEBU] {683a9ed550c34918150caa4b69a952f1} [  2 ms] [default] [xompose] [rows:1  ] SELECT `id`,`created_at`,`updated_at`,`deleted_at`,`stack_name`,`yaml_content`,`stack_status`,`yaml_path` FROM `stack` WHERE `deleted_at`=0
2025-06-17T15:28:43.473+08:00 [DEBU] {c0e4611fe6c34918160caa4ba8bf4968} [117 ms] [default] [xompose] [rows:1  ] SELECT `id`,`created_at`,`updated_at`,`deleted_at`,`username`,`password` FROM `user` WHERE (`id`=4) AND `deleted_at`=0 LIMIT 1
2025-06-17T15:28:43.489+08:00 [DEBU] {c0e4611fe6c34918160caa4ba8bf4968} [  2 ms] [default] [xompose] [rows:1  ] SELECT `id`,`created_at`,`updated_at`,`deleted_at`,`stack_name`,`yaml_content`,`stack_status`,`yaml_path` FROM `stack` WHERE `deleted_at`=0
2025-06-17T15:28:46.297+08:00 [DEBU] {205829cfe6c34918170caa4b91a6fc2d} [  1 ms] [default] [xompose] [rows:1  ] SELECT `id`,`created_at`,`updated_at`,`deleted_at`,`username`,`password` FROM `user` WHERE (`id`=4) AND `deleted_at`=0 LIMIT 1
2025-06-17T15:28:46.301+08:00 [DEBU] {205829cfe6c34918170caa4b91a6fc2d} [  0 ms] [default] [xompose] [rows:1  ] SELECT `id`,`created_at`,`updated_at`,`deleted_at`,`stack_name`,`yaml_content`,`stack_status`,`yaml_path` FROM `stack` WHERE `deleted_at`=0
2025-06-17T15:28:50.518+08:00 [DEBU] {b0ebc2cae7c34918180caa4b49264a90} [  1 ms] [default] [xompose] [rows:1  ] SELECT `id`,`created_at`,`updated_at`,`deleted_at`,`username`,`password` FROM `user` WHERE (`id`=4) AND `deleted_at`=0 LIMIT 1
2025-06-17T15:28:50.524+08:00 [DEBU] {b0ebc2cae7c34918180caa4b49264a90} [  1 ms] [default] [xompose] [rows:1  ] SELECT `id`,`created_at`,`updated_at`,`deleted_at`,`stack_name`,`yaml_content`,`stack_status`,`yaml_path` FROM `stack` WHERE `deleted_at`=0
2025-06-17T15:29:06.350+08:00 [DEBU] {b0d40d7aebc34918190caa4b81c971bf} [  6 ms] [default] [xompose] [rows:1  ] SELECT `id`,`created_at`,`updated_at`,`deleted_at`,`username`,`password` FROM `user` WHERE (`id`=4) AND `deleted_at`=0 LIMIT 1
2025-06-17T15:29:06.383+08:00 [DEBU] {b0d40d7aebc34918190caa4b81c971bf} [  2 ms] [default] [xompose] [rows:1  ] SELECT `id`,`created_at`,`updated_at`,`deleted_at`,`stack_name`,`yaml_content`,`stack_status`,`yaml_path` FROM `stack` WHERE `deleted_at`=0
2025-06-17T15:29:10.734+08:00 [DEBU] {386d9b7fecc349181a0caa4b58c26b07} [  2 ms] [default] [xompose] [rows:1  ] SELECT `id`,`created_at`,`updated_at`,`deleted_at`,`username`,`password` FROM `user` WHERE (`id`=4) AND `deleted_at`=0 LIMIT 1
2025-06-17T15:29:10.741+08:00 [DEBU] {386d9b7fecc349181a0caa4b58c26b07} [  1 ms] [default] [xompose] [rows:1  ] SELECT `id`,`created_at`,`updated_at`,`deleted_at`,`stack_name`,`yaml_content`,`stack_status`,`yaml_path` FROM `stack` WHERE `deleted_at`=0
2025-06-17T15:29:51.361+08:00 [DEBU] {58efaef2f5c34918b5b16a1f5350660e} [ 44 ms] [default] [xompose] [rows:3  ] SHOW TABLES
2025-06-17T15:29:51.367+08:00 [DEBU] {58efaef2f5c34918b5b16a1f5350660e} [  5 ms] [default] [xompose] [rows:6  ] SHOW FULL COLUMNS FROM `user`
2025-06-17T15:29:51.368+08:00 [DEBU] {58efaef2f5c34918b5b16a1f5350660e} [  1 ms] [default] [xompose] [rows:1  ] SELECT `id`,`created_at`,`updated_at`,`deleted_at`,`username`,`password` FROM `user` WHERE (`id`=4) AND `deleted_at`=0 LIMIT 1
2025-06-17T15:29:51.375+08:00 [DEBU] {58efaef2f5c34918b5b16a1f5350660e} [  1 ms] [default] [xompose] [rows:8  ] SHOW FULL COLUMNS FROM `stack`
2025-06-17T15:29:51.377+08:00 [DEBU] {58efaef2f5c34918b5b16a1f5350660e} [  1 ms] [default] [xompose] [rows:1  ] SELECT `id`,`created_at`,`updated_at`,`deleted_at`,`stack_name`,`yaml_content`,`stack_status`,`yaml_path` FROM `stack` WHERE `deleted_at`=0
2025-06-17T15:30:26.245+08:00 [DEBU] {e0c4fc11fec34918b6b16a1fc8c600b8} [ 41 ms] [default] [xompose] [rows:1  ] SELECT `id`,`created_at`,`updated_at`,`deleted_at`,`username`,`password` FROM `user` WHERE (`id`=4) AND `deleted_at`=0 LIMIT 1
2025-06-17T15:30:26.267+08:00 [DEBU] {e0c4fc11fec34918b6b16a1fc8c600b8} [  5 ms] [default] [xompose] [rows:1  ] SELECT `id`,`created_at`,`updated_at`,`deleted_at`,`stack_name`,`yaml_content`,`stack_status`,`yaml_path` FROM `stack` WHERE `deleted_at`=0
2025-06-17T15:30:28.515+08:00 [DEBU] {9011d59bfec34918b7b16a1f20f8e141} [  1 ms] [default] [xompose] [rows:1  ] SELECT `id`,`created_at`,`updated_at`,`deleted_at`,`username`,`password` FROM `user` WHERE (`id`=4) AND `deleted_at`=0 LIMIT 1
2025-06-17T15:30:28.520+08:00 [DEBU] {9011d59bfec34918b7b16a1f20f8e141} [  1 ms] [default] [xompose] [rows:1  ] SELECT `id`,`created_at`,`updated_at`,`deleted_at`,`stack_name`,`yaml_content`,`stack_status`,`yaml_path` FROM `stack` WHERE `deleted_at`=0
2025-06-17T15:30:33.445+08:00 [DEBU] {08dbb7c1ffc34918b8b16a1f120ad927} [  1 ms] [default] [xompose] [rows:1  ] SELECT `id`,`created_at`,`updated_at`,`deleted_at`,`username`,`password` FROM `user` WHERE (`id`=4) AND `deleted_at`=0 LIMIT 1
2025-06-17T15:30:33.450+08:00 [DEBU] {08dbb7c1ffc34918b8b16a1f120ad927} [  1 ms] [default] [xompose] [rows:1  ] SELECT `id`,`created_at`,`updated_at`,`deleted_at`,`stack_name`,`yaml_content`,`stack_status`,`yaml_path` FROM `stack` WHERE `deleted_at`=0
2025-06-17T15:30:42.620+08:00 [DEBU] {c8184ae401c44918b9b16a1f23bbbe78} [  6 ms] [default] [xompose] [rows:1  ] SELECT `id`,`created_at`,`updated_at`,`deleted_at`,`username`,`password` FROM `user` WHERE (`id`=4) AND `deleted_at`=0 LIMIT 1
2025-06-17T15:30:42.636+08:00 [DEBU] {c8184ae401c44918b9b16a1f23bbbe78} [  3 ms] [default] [xompose] [rows:1  ] SELECT `id`,`created_at`,`updated_at`,`deleted_at`,`stack_name`,`yaml_content`,`stack_status`,`yaml_path` FROM `stack` WHERE `deleted_at`=0
2025-06-17T15:30:47.466+08:00 [DEBU] {7889800403c44918bab16a1fd16f0021} [ 17 ms] [default] [xompose] [rows:1  ] SELECT `id`,`created_at`,`updated_at`,`deleted_at`,`username`,`password` FROM `user` WHERE (`id`=4) AND `deleted_at`=0 LIMIT 1
2025-06-17T15:30:47.471+08:00 [DEBU] {7889800403c44918bab16a1fd16f0021} [  0 ms] [default] [xompose] [rows:1  ] SELECT `id`,`created_at`,`updated_at`,`deleted_at`,`stack_name`,`yaml_content`,`stack_status`,`yaml_path` FROM `stack` WHERE `deleted_at`=0
2025-06-17T15:31:36.681+08:00 [DEBU] {88a517770ec44918bbb16a1ff37d3f61} [ 64 ms] [default] [xompose] [rows:1  ] SELECT `id`,`created_at`,`updated_at`,`deleted_at`,`username`,`password` FROM `user` WHERE (`id`=4) AND `deleted_at`=0 LIMIT 1
2025-06-17T15:31:36.687+08:00 [DEBU] {88a517770ec44918bbb16a1ff37d3f61} [  1 ms] [default] [xompose] [rows:1  ] SELECT `id`,`created_at`,`updated_at`,`deleted_at`,`stack_name`,`yaml_content`,`stack_status`,`yaml_path` FROM `stack` WHERE `deleted_at`=0
2025-06-17T15:32:15.703+08:00 [DEBU] {682cd68e17c44918bcb16a1f48e30118} [ 32 ms] [default] [xompose] [rows:1  ] SELECT `id`,`created_at`,`updated_at`,`deleted_at`,`username`,`password` FROM `user` WHERE (`id`=4) AND `deleted_at`=0 LIMIT 1
2025-06-17T15:32:15.729+08:00 [DEBU] {682cd68e17c44918bcb16a1f48e30118} [  4 ms] [default] [xompose] [rows:1  ] SELECT `id`,`created_at`,`updated_at`,`deleted_at`,`stack_name`,`yaml_content`,`stack_status`,`yaml_path` FROM `stack` WHERE `deleted_at`=0
2025-06-17T15:32:17.966+08:00 [DEBU] {5072831718c44918bdb16a1fcdb275b7} [  3 ms] [default] [xompose] [rows:1  ] SELECT `id`,`created_at`,`updated_at`,`deleted_at`,`username`,`password` FROM `user` WHERE (`id`=4) AND `deleted_at`=0 LIMIT 1
2025-06-17T15:32:17.974+08:00 [DEBU] {5072831718c44918bdb16a1fcdb275b7} [  1 ms] [default] [xompose] [rows:1  ] SELECT `id`,`created_at`,`updated_at`,`deleted_at`,`stack_name`,`yaml_content`,`stack_status`,`yaml_path` FROM `stack` WHERE `deleted_at`=0
2025-06-17T15:32:18.443+08:00 [DEBU] {300f9a3318c44918beb16a1f636890fe} [  8 ms] [default] [xompose] [rows:1  ] SELECT `id`,`created_at`,`updated_at`,`deleted_at`,`username`,`password` FROM `user` WHERE (`id`=4) AND `deleted_at`=0 LIMIT 1
2025-06-17T15:32:18.459+08:00 [DEBU] {300f9a3318c44918beb16a1f636890fe} [  2 ms] [default] [xompose] [rows:1  ] SELECT `id`,`created_at`,`updated_at`,`deleted_at`,`stack_name`,`yaml_content`,`stack_status`,`yaml_path` FROM `stack` WHERE `deleted_at`=0
2025-06-17T15:32:35.461+08:00 [DEBU] {b0e83b2a1cc44918bfb16a1f862d377c} [  4 ms] [default] [xompose] [rows:1  ] SELECT `id`,`created_at`,`updated_at`,`deleted_at`,`username`,`password` FROM `user` WHERE (`id`=4) AND `deleted_at`=0 LIMIT 1
2025-06-17T15:32:35.466+08:00 [DEBU] {b0e83b2a1cc44918bfb16a1f862d377c} [  1 ms] [default] [xompose] [rows:1  ] SELECT `id`,`created_at`,`updated_at`,`deleted_at`,`stack_name`,`yaml_content`,`stack_status`,`yaml_path` FROM `stack` WHERE `deleted_at`=0
2025-06-17T15:32:36.476+08:00 [DEBU] {986df1661cc44918c0b16a1ffb4e5fe0} [  1 ms] [default] [xompose] [rows:1  ] SELECT `id`,`created_at`,`updated_at`,`deleted_at`,`username`,`password` FROM `user` WHERE (`id`=4) AND `deleted_at`=0 LIMIT 1
2025-06-17T15:32:36.480+08:00 [DEBU] {986df1661cc44918c0b16a1ffb4e5fe0} [  1 ms] [default] [xompose] [rows:1  ] SELECT `id`,`created_at`,`updated_at`,`deleted_at`,`stack_name`,`yaml_content`,`stack_status`,`yaml_path` FROM `stack` WHERE `deleted_at`=0
2025-06-17T15:32:37.449+08:00 [DEBU] {48bedea01cc44918c1b16a1fc20950bd} [  2 ms] [default] [xompose] [rows:1  ] SELECT `id`,`created_at`,`updated_at`,`deleted_at`,`username`,`password` FROM `user` WHERE (`id`=4) AND `deleted_at`=0 LIMIT 1
2025-06-17T15:32:37.453+08:00 [DEBU] {48bedea01cc44918c1b16a1fc20950bd} [  1 ms] [default] [xompose] [rows:1  ] SELECT `id`,`created_at`,`updated_at`,`deleted_at`,`stack_name`,`yaml_content`,`stack_status`,`yaml_path` FROM `stack` WHERE `deleted_at`=0
2025-06-17T15:32:38.860+08:00 [DEBU] {b04b0df51cc44918c2b16a1f26191e8a} [  1 ms] [default] [xompose] [rows:1  ] SELECT `id`,`created_at`,`updated_at`,`deleted_at`,`username`,`password` FROM `user` WHERE (`id`=4) AND `deleted_at`=0 LIMIT 1
2025-06-17T15:32:38.865+08:00 [DEBU] {b04b0df51cc44918c2b16a1f26191e8a} [  1 ms] [default] [xompose] [rows:1  ] SELECT `id`,`created_at`,`updated_at`,`deleted_at`,`stack_name`,`yaml_content`,`stack_status`,`yaml_path` FROM `stack` WHERE `deleted_at`=0
2025-06-17T15:32:40.058+08:00 [DEBU] {a03a7d3c1dc44918c3b16a1f663c62c8} [  0 ms] [default] [xompose] [rows:1  ] SELECT `id`,`created_at`,`updated_at`,`deleted_at`,`username`,`password` FROM `user` WHERE (`id`=4) AND `deleted_at`=0 LIMIT 1
2025-06-17T15:32:40.061+08:00 [DEBU] {a03a7d3c1dc44918c3b16a1f663c62c8} [  1 ms] [default] [xompose] [rows:1  ] SELECT `id`,`created_at`,`updated_at`,`deleted_at`,`stack_name`,`yaml_content`,`stack_status`,`yaml_path` FROM `stack` WHERE `deleted_at`=0
2025-06-17T15:32:41.742+08:00 [DEBU] {60bfcea01dc44918c4b16a1ffee602f6} [  1 ms] [default] [xompose] [rows:1  ] SELECT `id`,`created_at`,`updated_at`,`deleted_at`,`username`,`password` FROM `user` WHERE (`id`=4) AND `deleted_at`=0 LIMIT 1
2025-06-17T15:32:41.748+08:00 [DEBU] {60bfcea01dc44918c4b16a1ffee602f6} [  1 ms] [default] [xompose] [rows:1  ] SELECT `id`,`created_at`,`updated_at`,`deleted_at`,`stack_name`,`yaml_content`,`stack_status`,`yaml_path` FROM `stack` WHERE `deleted_at`=0
2025-06-17T15:32:43.426+08:00 [DEBU] {50712c051ec44918c5b16a1f906c8e14} [  1 ms] [default] [xompose] [rows:1  ] SELECT `id`,`created_at`,`updated_at`,`deleted_at`,`username`,`password` FROM `user` WHERE (`id`=4) AND `deleted_at`=0 LIMIT 1
2025-06-17T15:32:43.430+08:00 [DEBU] {50712c051ec44918c5b16a1f906c8e14} [  0 ms] [default] [xompose] [rows:1  ] SELECT `id`,`created_at`,`updated_at`,`deleted_at`,`stack_name`,`yaml_content`,`stack_status`,`yaml_path` FROM `stack` WHERE `deleted_at`=0
2025-06-17T15:33:06.796+08:00 [DEBU] {801a717323c44918c6b16a1f8abcae8f} [ 46 ms] [default] [xompose] [rows:1  ] SELECT `id`,`created_at`,`updated_at`,`deleted_at`,`username`,`password` FROM `user` WHERE (`id`=4) AND `deleted_at`=0 LIMIT 1
2025-06-17T15:33:06.803+08:00 [DEBU] {801a717323c44918c6b16a1f8abcae8f} [  1 ms] [default] [xompose] [rows:1  ] SELECT `id`,`created_at`,`updated_at`,`deleted_at`,`stack_name`,`yaml_content`,`stack_status`,`yaml_path` FROM `stack` WHERE `deleted_at`=0
2025-06-17T15:36:35.066+08:00 [DEBU] {e8ca75e953c44918c9b16a1f82757d3c} [128 ms] [default] [xompose] [rows:1  ] SELECT `id`,`created_at`,`updated_at`,`deleted_at`,`username`,`password` FROM `user` WHERE (`id`=4) AND `deleted_at`=0 LIMIT 1
2025-06-17T15:36:35.087+08:00 [DEBU] {e8ca75e953c44918c9b16a1f82757d3c} [  1 ms] [default] [xompose] [rows:1  ] SELECT `id`,`created_at`,`updated_at`,`deleted_at`,`stack_name`,`yaml_content`,`stack_status`,`yaml_path` FROM `stack` WHERE `deleted_at`=0
2025-06-17T15:36:37.139+08:00 [DEBU] {00e9636f54c44918ccb16a1ff39cb421} [  4 ms] [default] [xompose] [rows:1  ] SELECT `id`,`created_at`,`updated_at`,`deleted_at`,`username`,`password` FROM `user` WHERE (`id`=4) AND `deleted_at`=0 LIMIT 1
2025-06-17T15:36:37.156+08:00 [DEBU] {00e9636f54c44918ccb16a1ff39cb421} [  1 ms] [default] [xompose] [rows:1  ] SELECT `id`,`created_at`,`updated_at`,`deleted_at`,`stack_name`,`yaml_content`,`stack_status`,`yaml_path` FROM `stack` WHERE `deleted_at`=0
2025-06-17T15:37:21.860+08:00 [DEBU] {902821d85ec44918d0b16a1f58599b4d} [ 17 ms] [default] [xompose] [rows:1  ] SELECT `id`,`created_at`,`updated_at`,`deleted_at`,`username`,`password` FROM `user` WHERE (`username`='xiaolu') AND `deleted_at`=0 LIMIT 1
2025-06-17T15:37:21.930+08:00 [DEBU] {902821d85ec44918d0b16a1f58599b4d} [  2 ms] [default] [xompose] [rows:1  ] SELECT `id`,`created_at`,`updated_at`,`deleted_at`,`username`,`password` FROM `user` WHERE (`id`=4) AND `deleted_at`=0 LIMIT 1
2025-06-17T15:37:28.392+08:00 [DEBU] {e0f82d5e60c44918d1b16a1f84634752} [  6 ms] [default] [xompose] [rows:1  ] SELECT `id`,`created_at`,`updated_at`,`deleted_at`,`username`,`password` FROM `user` WHERE (`id`=4) AND `deleted_at`=0 LIMIT 1
2025-06-17T15:37:28.405+08:00 [DEBU] {e0f82d5e60c44918d1b16a1f84634752} [  3 ms] [default] [xompose] [rows:1  ] SELECT `id`,`created_at`,`updated_at`,`deleted_at`,`stack_name`,`yaml_content`,`stack_status`,`yaml_path` FROM `stack` WHERE `deleted_at`=0
2025-06-17T15:38:24.082+08:00 [DEBU] {8075ec526dc44918d2b16a1fd84dd169} [ 49 ms] [default] [xompose] [rows:1  ] SELECT `id`,`created_at`,`updated_at`,`deleted_at`,`username`,`password` FROM `user` WHERE (`id`=4) AND `deleted_at`=0 LIMIT 1
2025-06-17T15:38:24.099+08:00 [DEBU] {8075ec526dc44918d2b16a1fd84dd169} [  1 ms] [default] [xompose] [rows:1  ] SELECT `id`,`created_at`,`updated_at`,`deleted_at`,`stack_name`,`yaml_content`,`stack_status`,`yaml_path` FROM `stack` WHERE `deleted_at`=0
2025-06-17T15:40:33.242+08:00 [DEBU] {385047658bc44918d4b16a1f3d112b08} [ 53 ms] [default] [xompose] [rows:1  ] SELECT `id`,`created_at`,`updated_at`,`deleted_at`,`username`,`password` FROM `user` WHERE (`id`=4) AND `deleted_at`=0 LIMIT 1
2025-06-17T15:40:33.242+08:00 [DEBU] {d024db648bc44918d3b16a1f6e934f44} [ 60 ms] [default] [xompose] [rows:1  ] SELECT `id`,`created_at`,`updated_at`,`deleted_at`,`username`,`password` FROM `user` WHERE (`id`=4) AND `deleted_at`=0 LIMIT 1
2025-06-17T15:40:33.253+08:00 [DEBU] {385047658bc44918d4b16a1f3d112b08} [  3 ms] [default] [xompose] [rows:1  ] SELECT `id`,`created_at`,`updated_at`,`deleted_at`,`stack_name`,`yaml_content`,`stack_status`,`yaml_path` FROM `stack` WHERE `deleted_at`=0
2025-06-17T15:40:33.253+08:00 [DEBU] {d024db648bc44918d3b16a1f6e934f44} [  3 ms] [default] [xompose] [rows:1  ] SELECT `id`,`created_at`,`updated_at`,`deleted_at`,`stack_name`,`yaml_content`,`stack_status`,`yaml_path` FROM `stack` WHERE `deleted_at`=0
2025-06-17T15:40:54.809+08:00 [DEBU] {e86ef06a90c44918d5b16a1f7ae959fb} [ 42 ms] [default] [xompose] [rows:1  ] SELECT `id`,`created_at`,`updated_at`,`deleted_at`,`username`,`password` FROM `user` WHERE (`id`=4) AND `deleted_at`=0 LIMIT 1
2025-06-17T15:40:54.809+08:00 [DEBU] {30ac4c6b90c44918d6b16a1fa965eebc} [ 36 ms] [default] [xompose] [rows:1  ] SELECT `id`,`created_at`,`updated_at`,`deleted_at`,`username`,`password` FROM `user` WHERE (`id`=4) AND `deleted_at`=0 LIMIT 1
2025-06-17T15:40:54.840+08:00 [DEBU] {30ac4c6b90c44918d6b16a1fa965eebc} [  6 ms] [default] [xompose] [rows:1  ] SELECT `id`,`created_at`,`updated_at`,`deleted_at`,`stack_name`,`yaml_content`,`stack_status`,`yaml_path` FROM `stack` WHERE `deleted_at`=0
2025-06-17T15:40:54.840+08:00 [DEBU] {e86ef06a90c44918d5b16a1f7ae959fb} [  5 ms] [default] [xompose] [rows:1  ] SELECT `id`,`created_at`,`updated_at`,`deleted_at`,`stack_name`,`yaml_content`,`stack_status`,`yaml_path` FROM `stack` WHERE `deleted_at`=0
2025-06-17T15:40:57.953+08:00 [DEBU] {8817072991c44918d7b16a1f0662d8f3} [  5 ms] [default] [xompose] [rows:1  ] SELECT `id`,`created_at`,`updated_at`,`deleted_at`,`username`,`password` FROM `user` WHERE (`id`=4) AND `deleted_at`=0 LIMIT 1
2025-06-17T15:40:57.966+08:00 [DEBU] {8817072991c44918d7b16a1f0662d8f3} [  1 ms] [default] [xompose] [rows:1  ] SELECT `id`,`created_at`,`updated_at`,`deleted_at`,`stack_name`,`yaml_content`,`stack_status`,`yaml_path` FROM `stack` WHERE `deleted_at`=0
2025-06-17T15:41:02.396+08:00 [DEBU] {80efa53192c44918d8b16a1f921e5e78} [  7 ms] [default] [xompose] [rows:1  ] SELECT `id`,`created_at`,`updated_at`,`deleted_at`,`username`,`password` FROM `user` WHERE (`id`=4) AND `deleted_at`=0 LIMIT 1
2025-06-17T15:41:02.407+08:00 [DEBU] {80efa53192c44918d8b16a1f921e5e78} [  1 ms] [default] [xompose] [rows:1  ] SELECT `id`,`created_at`,`updated_at`,`deleted_at`,`stack_name`,`yaml_content`,`stack_status`,`yaml_path` FROM `stack` WHERE `deleted_at`=0
2025-06-17T15:41:03.312+08:00 [DEBU] {2079186892c44918d9b16a1fba256f44} [ 10 ms] [default] [xompose] [rows:1  ] SELECT `id`,`created_at`,`updated_at`,`deleted_at`,`username`,`password` FROM `user` WHERE (`id`=4) AND `deleted_at`=0 LIMIT 1
2025-06-17T15:41:03.320+08:00 [DEBU] {2079186892c44918d9b16a1fba256f44} [  1 ms] [default] [xompose] [rows:1  ] SELECT `id`,`created_at`,`updated_at`,`deleted_at`,`stack_name`,`yaml_content`,`stack_status`,`yaml_path` FROM `stack` WHERE `deleted_at`=0
2025-06-17T15:42:37.533+08:00 [DEBU] {102e0151a8c44918dab16a1f67f7e8db} [128 ms] [default] [xompose] [rows:1  ] SELECT `id`,`created_at`,`updated_at`,`deleted_at`,`username`,`password` FROM `user` WHERE (`id`=4) AND `deleted_at`=0 LIMIT 1
2025-06-17T15:42:37.549+08:00 [DEBU] {102e0151a8c44918dab16a1f67f7e8db} [  1 ms] [default] [xompose] [rows:1  ] SELECT `id`,`created_at`,`updated_at`,`deleted_at`,`stack_name`,`yaml_content`,`stack_status`,`yaml_path` FROM `stack` WHERE `deleted_at`=0
2025-06-17T15:42:37.957+08:00 [DEBU] {0087f671a8c44918dbb16a1fc3e29bf7} [  1 ms] [default] [xompose] [rows:1  ] SELECT `id`,`created_at`,`updated_at`,`deleted_at`,`username`,`password` FROM `user` WHERE (`id`=4) AND `deleted_at`=0 LIMIT 1
2025-06-17T15:42:37.993+08:00 [DEBU] {0087f671a8c44918dbb16a1fc3e29bf7} [ 21 ms] [default] [xompose] [rows:1  ] SELECT `id`,`created_at`,`updated_at`,`deleted_at`,`stack_name`,`yaml_content`,`stack_status`,`yaml_path` FROM `stack` WHERE `deleted_at`=0
2025-06-17T15:42:46.121+08:00 [DEBU] {e0736156aac44918dcb16a1f61b8f0ef} [ 37 ms] [default] [xompose] [rows:1  ] SELECT `id`,`created_at`,`updated_at`,`deleted_at`,`username`,`password` FROM `user` WHERE (`id`=4) AND `deleted_at`=0 LIMIT 1
2025-06-17T15:42:46.130+08:00 [DEBU] {d0c96156aac44918ddb16a1ffaa4033f} [ 46 ms] [default] [xompose] [rows:1  ] SELECT `id`,`created_at`,`updated_at`,`deleted_at`,`username`,`password` FROM `user` WHERE (`id`=4) AND `deleted_at`=0 LIMIT 1
2025-06-17T15:42:46.156+08:00 [DEBU] {e0736156aac44918dcb16a1f61b8f0ef} [  2 ms] [default] [xompose] [rows:1  ] SELECT `id`,`created_at`,`updated_at`,`deleted_at`,`stack_name`,`yaml_content`,`stack_status`,`yaml_path` FROM `stack` WHERE `deleted_at`=0
2025-06-17T15:42:46.157+08:00 [DEBU] {d0c96156aac44918ddb16a1ffaa4033f} [  3 ms] [default] [xompose] [rows:1  ] SELECT `id`,`created_at`,`updated_at`,`deleted_at`,`stack_name`,`yaml_content`,`stack_status`,`yaml_path` FROM `stack` WHERE `deleted_at`=0
2025-06-17T15:42:53.274+08:00 [DEBU] {9012dd02acc44918deb16a1fcc0d71c3} [  2 ms] [default] [xompose] [rows:1  ] SELECT `id`,`created_at`,`updated_at`,`deleted_at`,`username`,`password` FROM `user` WHERE (`id`=4) AND `deleted_at`=0 LIMIT 1
2025-06-17T15:42:53.274+08:00 [DEBU] {d877df02acc44918dfb16a1f907282b7} [  2 ms] [default] [xompose] [rows:1  ] SELECT `id`,`created_at`,`updated_at`,`deleted_at`,`username`,`password` FROM `user` WHERE (`id`=4) AND `deleted_at`=0 LIMIT 1
2025-06-17T15:42:53.283+08:00 [DEBU] {d877df02acc44918dfb16a1f907282b7} [  1 ms] [default] [xompose] [rows:1  ] SELECT `id`,`created_at`,`updated_at`,`deleted_at`,`stack_name`,`yaml_content`,`stack_status`,`yaml_path` FROM `stack` WHERE `deleted_at`=0
2025-06-17T15:42:53.286+08:00 [DEBU] {9012dd02acc44918deb16a1fcc0d71c3} [  1 ms] [default] [xompose] [rows:1  ] SELECT `id`,`created_at`,`updated_at`,`deleted_at`,`stack_name`,`yaml_content`,`stack_status`,`yaml_path` FROM `stack` WHERE `deleted_at`=0
2025-06-17T15:42:56.543+08:00 [DEBU] {08694bc5acc44918e0b16a1fb6f22d53} [  9 ms] [default] [xompose] [rows:1  ] SELECT `id`,`created_at`,`updated_at`,`deleted_at`,`username`,`password` FROM `user` WHERE (`id`=4) AND `deleted_at`=0 LIMIT 1
2025-06-17T15:42:56.574+08:00 [DEBU] {08694bc5acc44918e0b16a1fb6f22d53} [ 14 ms] [default] [xompose] [rows:1  ] SELECT `id`,`created_at`,`updated_at`,`deleted_at`,`stack_name`,`yaml_content`,`stack_status`,`yaml_path` FROM `stack` WHERE `deleted_at`=0
2025-06-17T15:43:01.882+08:00 [DEBU] {e873ad03aec44918e1b16a1f00a3ada5} [  7 ms] [default] [xompose] [rows:1  ] SELECT `id`,`created_at`,`updated_at`,`deleted_at`,`username`,`password` FROM `user` WHERE (`id`=4) AND `deleted_at`=0 LIMIT 1
2025-06-17T15:43:01.896+08:00 [DEBU] {e873ad03aec44918e1b16a1f00a3ada5} [  2 ms] [default] [xompose] [rows:1  ] SELECT `id`,`created_at`,`updated_at`,`deleted_at`,`stack_name`,`yaml_content`,`stack_status`,`yaml_path` FROM `stack` WHERE `deleted_at`=0
2025-06-17T15:43:02.747+08:00 [DEBU] {00698537aec44918e2b16a1fbc384b08} [  2 ms] [default] [xompose] [rows:1  ] SELECT `id`,`created_at`,`updated_at`,`deleted_at`,`username`,`password` FROM `user` WHERE (`id`=4) AND `deleted_at`=0 LIMIT 1
2025-06-17T15:43:02.759+08:00 [DEBU] {00698537aec44918e2b16a1fbc384b08} [  2 ms] [default] [xompose] [rows:1  ] SELECT `id`,`created_at`,`updated_at`,`deleted_at`,`stack_name`,`yaml_content`,`stack_status`,`yaml_path` FROM `stack` WHERE `deleted_at`=0
2025-06-17T15:45:17.614+08:00 [DEBU] {60aea895cdc44918e4b16a1f35f02727} [142 ms] [default] [xompose] [rows:1  ] SELECT `id`,`created_at`,`updated_at`,`deleted_at`,`username`,`password` FROM `user` WHERE (`id`=4) AND `deleted_at`=0 LIMIT 1
2025-06-17T15:45:17.614+08:00 [DEBU] {28be9995cdc44918e3b16a1f27ead698} [143 ms] [default] [xompose] [rows:1  ] SELECT `id`,`created_at`,`updated_at`,`deleted_at`,`username`,`password` FROM `user` WHERE (`id`=4) AND `deleted_at`=0 LIMIT 1
2025-06-17T15:45:17.665+08:00 [DEBU] {60aea895cdc44918e4b16a1f35f02727} [  1 ms] [default] [xompose] [rows:1  ] SELECT `id`,`created_at`,`updated_at`,`deleted_at`,`stack_name`,`yaml_content`,`stack_status`,`yaml_path` FROM `stack` WHERE `deleted_at`=0
2025-06-17T15:45:17.665+08:00 [DEBU] {28be9995cdc44918e3b16a1f27ead698} [  1 ms] [default] [xompose] [rows:1  ] SELECT `id`,`created_at`,`updated_at`,`deleted_at`,`stack_name`,`yaml_content`,`stack_status`,`yaml_path` FROM `stack` WHERE `deleted_at`=0
2025-06-17T15:45:17.674+08:00 [DEBU] {7841b0a1cdc44918e5b16a1fb7eed100} [  4 ms] [default] [xompose] [rows:1  ] SELECT `id`,`created_at`,`updated_at`,`deleted_at`,`username`,`password` FROM `user` WHERE (`id`=4) AND `deleted_at`=0 LIMIT 1
2025-06-17T15:45:17.674+08:00 [DEBU] {d835d9a1cdc44918e6b16a1fab211549} [  1 ms] [default] [xompose] [rows:1  ] SELECT `id`,`created_at`,`updated_at`,`deleted_at`,`username`,`password` FROM `user` WHERE (`id`=4) AND `deleted_at`=0 LIMIT 1
2025-06-17T15:45:17.684+08:00 [DEBU] {d835d9a1cdc44918e6b16a1fab211549} [  0 ms] [default] [xompose] [rows:1  ] SELECT `id`,`created_at`,`updated_at`,`deleted_at`,`stack_name`,`yaml_content`,`stack_status`,`yaml_path` FROM `stack` WHERE `deleted_at`=0
2025-06-17T15:45:17.685+08:00 [DEBU] {7841b0a1cdc44918e5b16a1fb7eed100} [  2 ms] [default] [xompose] [rows:1  ] SELECT `id`,`created_at`,`updated_at`,`deleted_at`,`stack_name`,`yaml_content`,`stack_status`,`yaml_path` FROM `stack` WHERE `deleted_at`=0
2025-06-17T15:45:18.102+08:00 [DEBU] {40cc2fbbcdc44918e7b16a1f1719e314} [  2 ms] [default] [xompose] [rows:1  ] SELECT `id`,`created_at`,`updated_at`,`deleted_at`,`username`,`password` FROM `user` WHERE (`id`=4) AND `deleted_at`=0 LIMIT 1
2025-06-17T15:45:18.103+08:00 [DEBU] {389654bbcdc44918e8b16a1f031baa83} [  2 ms] [default] [xompose] [rows:1  ] SELECT `id`,`created_at`,`updated_at`,`deleted_at`,`username`,`password` FROM `user` WHERE (`id`=4) AND `deleted_at`=0 LIMIT 1
2025-06-17T15:45:18.125+08:00 [DEBU] {389654bbcdc44918e8b16a1f031baa83} [  2 ms] [default] [xompose] [rows:1  ] SELECT `id`,`created_at`,`updated_at`,`deleted_at`,`stack_name`,`yaml_content`,`stack_status`,`yaml_path` FROM `stack` WHERE `deleted_at`=0
2025-06-17T15:45:18.125+08:00 [DEBU] {40cc2fbbcdc44918e7b16a1f1719e314} [  2 ms] [default] [xompose] [rows:1  ] SELECT `id`,`created_at`,`updated_at`,`deleted_at`,`stack_name`,`yaml_content`,`stack_status`,`yaml_path` FROM `stack` WHERE `deleted_at`=0
2025-06-17T15:45:31.377+08:00 [DEBU] {38846dcfd0c44918e9b16a1f4cefb669} [ 48 ms] [default] [xompose] [rows:1  ] SELECT `id`,`created_at`,`updated_at`,`deleted_at`,`username`,`password` FROM `user` WHERE (`id`=4) AND `deleted_at`=0 LIMIT 1
2025-06-17T15:45:31.379+08:00 [DEBU] {406911d0d0c44918eab16a1f4f0c83c2} [ 39 ms] [default] [xompose] [rows:1  ] SELECT `id`,`created_at`,`updated_at`,`deleted_at`,`username`,`password` FROM `user` WHERE (`id`=4) AND `deleted_at`=0 LIMIT 1
2025-06-17T15:45:31.406+08:00 [DEBU] {406911d0d0c44918eab16a1f4f0c83c2} [  1 ms] [default] [xompose] [rows:1  ] SELECT `id`,`created_at`,`updated_at`,`deleted_at`,`stack_name`,`yaml_content`,`stack_status`,`yaml_path` FROM `stack` WHERE `deleted_at`=0
2025-06-17T15:45:31.406+08:00 [DEBU] {38846dcfd0c44918e9b16a1f4cefb669} [  1 ms] [default] [xompose] [rows:1  ] SELECT `id`,`created_at`,`updated_at`,`deleted_at`,`stack_name`,`yaml_content`,`stack_status`,`yaml_path` FROM `stack` WHERE `deleted_at`=0
2025-06-17T15:46:13.353+08:00 [DEBU] {480ff895dac44918ecb16a1f5057ab58} [ 37 ms] [default] [xompose] [rows:1  ] SELECT `id`,`created_at`,`updated_at`,`deleted_at`,`username`,`password` FROM `user` WHERE (`id`=4) AND `deleted_at`=0 LIMIT 1
2025-06-17T15:46:13.353+08:00 [DEBU] {d8d56293dac44918ebb16a1fe95cfaa4} [ 82 ms] [default] [xompose] [rows:1  ] SELECT `id`,`created_at`,`updated_at`,`deleted_at`,`username`,`password` FROM `user` WHERE (`id`=4) AND `deleted_at`=0 LIMIT 1
2025-06-17T15:46:13.376+08:00 [DEBU] {d8d56293dac44918ebb16a1fe95cfaa4} [  1 ms] [default] [xompose] [rows:1  ] SELECT `id`,`created_at`,`updated_at`,`deleted_at`,`stack_name`,`yaml_content`,`stack_status`,`yaml_path` FROM `stack` WHERE `deleted_at`=0
2025-06-17T15:46:13.377+08:00 [DEBU] {480ff895dac44918ecb16a1f5057ab58} [  2 ms] [default] [xompose] [rows:1  ] SELECT `id`,`created_at`,`updated_at`,`deleted_at`,`stack_name`,`yaml_content`,`stack_status`,`yaml_path` FROM `stack` WHERE `deleted_at`=0
2025-06-17T15:46:23.157+08:00 [DEBU] {5883f6dedcc44918eeb16a1ff3c12111} [ 24 ms] [default] [xompose] [rows:1  ] SELECT `id`,`created_at`,`updated_at`,`deleted_at`,`username`,`password` FROM `user` WHERE (`id`=4) AND `deleted_at`=0 LIMIT 1
2025-06-17T15:46:23.157+08:00 [DEBU] {30b400dbdcc44918edb16a1fe0e0739e} [ 87 ms] [default] [xompose] [rows:1  ] SELECT `id`,`created_at`,`updated_at`,`deleted_at`,`username`,`password` FROM `user` WHERE (`id`=4) AND `deleted_at`=0 LIMIT 1
2025-06-17T15:46:23.195+08:00 [DEBU] {5883f6dedcc44918eeb16a1ff3c12111} [  2 ms] [default] [xompose] [rows:1  ] SELECT `id`,`created_at`,`updated_at`,`deleted_at`,`stack_name`,`yaml_content`,`stack_status`,`yaml_path` FROM `stack` WHERE `deleted_at`=0
2025-06-17T15:46:23.196+08:00 [DEBU] {30b400dbdcc44918edb16a1fe0e0739e} [  3 ms] [default] [xompose] [rows:1  ] SELECT `id`,`created_at`,`updated_at`,`deleted_at`,`stack_name`,`yaml_content`,`stack_status`,`yaml_path` FROM `stack` WHERE `deleted_at`=0
2025-06-17T15:47:03.088+08:00 [DEBU] {c0f89d28e6c44918efb16a1fd784265f} [ 71 ms] [default] [xompose] [rows:1  ] SELECT `id`,`created_at`,`updated_at`,`deleted_at`,`username`,`password` FROM `user` WHERE (`id`=4) AND `deleted_at`=0 LIMIT 1
2025-06-17T15:47:03.088+08:00 [DEBU] {d0b1cd2ae6c44918f0b16a1fec15319d} [ 36 ms] [default] [xompose] [rows:1  ] SELECT `id`,`created_at`,`updated_at`,`deleted_at`,`username`,`password` FROM `user` WHERE (`id`=4) AND `deleted_at`=0 LIMIT 1
2025-06-17T15:47:03.108+08:00 [DEBU] {d0b1cd2ae6c44918f0b16a1fec15319d} [  1 ms] [default] [xompose] [rows:1  ] SELECT `id`,`created_at`,`updated_at`,`deleted_at`,`stack_name`,`yaml_content`,`stack_status`,`yaml_path` FROM `stack` WHERE `deleted_at`=0
2025-06-17T15:47:03.108+08:00 [DEBU] {c0f89d28e6c44918efb16a1fd784265f} [  1 ms] [default] [xompose] [rows:1  ] SELECT `id`,`created_at`,`updated_at`,`deleted_at`,`stack_name`,`yaml_content`,`stack_status`,`yaml_path` FROM `stack` WHERE `deleted_at`=0
2025-06-17T15:47:03.113+08:00 [DEBU] {70c4762ee6c44918f1b16a1f5ffe2924} [  2 ms] [default] [xompose] [rows:1  ] SELECT `id`,`created_at`,`updated_at`,`deleted_at`,`username`,`password` FROM `user` WHERE (`id`=4) AND `deleted_at`=0 LIMIT 1
2025-06-17T15:47:03.115+08:00 [DEBU] {d031772ee6c44918f2b16a1f80ee8fde} [  3 ms] [default] [xompose] [rows:1  ] SELECT `id`,`created_at`,`updated_at`,`deleted_at`,`username`,`password` FROM `user` WHERE (`id`=4) AND `deleted_at`=0 LIMIT 1
2025-06-17T15:47:03.120+08:00 [DEBU] {d031772ee6c44918f2b16a1f80ee8fde} [  0 ms] [default] [xompose] [rows:1  ] SELECT `id`,`created_at`,`updated_at`,`deleted_at`,`stack_name`,`yaml_content`,`stack_status`,`yaml_path` FROM `stack` WHERE `deleted_at`=0
2025-06-17T15:47:03.121+08:00 [DEBU] {70c4762ee6c44918f1b16a1f5ffe2924} [  1 ms] [default] [xompose] [rows:1  ] SELECT `id`,`created_at`,`updated_at`,`deleted_at`,`stack_name`,`yaml_content`,`stack_status`,`yaml_path` FROM `stack` WHERE `deleted_at`=0
2025-06-17T15:47:03.189+08:00 [DEBU] {f817fb32e6c44918f3b16a1f1a75d56f} [  1 ms] [default] [xompose] [rows:1  ] SELECT `id`,`created_at`,`updated_at`,`deleted_at`,`username`,`password` FROM `user` WHERE (`id`=4) AND `deleted_at`=0 LIMIT 1
2025-06-17T15:47:03.189+08:00 [DEBU] {70aa0933e6c44918f4b16a1f46aa4e21} [  1 ms] [default] [xompose] [rows:1  ] SELECT `id`,`created_at`,`updated_at`,`deleted_at`,`username`,`password` FROM `user` WHERE (`id`=4) AND `deleted_at`=0 LIMIT 1
2025-06-17T15:47:03.207+08:00 [DEBU] {70aa0933e6c44918f4b16a1f46aa4e21} [  1 ms] [default] [xompose] [rows:1  ] SELECT `id`,`created_at`,`updated_at`,`deleted_at`,`stack_name`,`yaml_content`,`stack_status`,`yaml_path` FROM `stack` WHERE `deleted_at`=0
2025-06-17T15:47:03.207+08:00 [DEBU] {f817fb32e6c44918f3b16a1f1a75d56f} [  1 ms] [default] [xompose] [rows:1  ] SELECT `id`,`created_at`,`updated_at`,`deleted_at`,`stack_name`,`yaml_content`,`stack_status`,`yaml_path` FROM `stack` WHERE `deleted_at`=0
2025-06-17T15:47:09.088+08:00 [DEBU] {90991d91e7c44918f6b16a1f1bc0389d} [ 23 ms] [default] [xompose] [rows:1  ] SELECT `id`,`created_at`,`updated_at`,`deleted_at`,`username`,`password` FROM `user` WHERE (`id`=4) AND `deleted_at`=0 LIMIT 1
2025-06-17T15:47:09.089+08:00 [DEBU] {4013fe90e7c44918f5b16a1fe89ea9b7} [ 23 ms] [default] [xompose] [rows:1  ] SELECT `id`,`created_at`,`updated_at`,`deleted_at`,`username`,`password` FROM `user` WHERE (`id`=4) AND `deleted_at`=0 LIMIT 1
2025-06-17T15:47:09.118+08:00 [DEBU] {4013fe90e7c44918f5b16a1fe89ea9b7} [  3 ms] [default] [xompose] [rows:1  ] SELECT `id`,`created_at`,`updated_at`,`deleted_at`,`stack_name`,`yaml_content`,`stack_status`,`yaml_path` FROM `stack` WHERE `deleted_at`=0
2025-06-17T15:47:09.124+08:00 [DEBU] {90991d91e7c44918f6b16a1f1bc0389d} [  9 ms] [default] [xompose] [rows:1  ] SELECT `id`,`created_at`,`updated_at`,`deleted_at`,`stack_name`,`yaml_content`,`stack_status`,`yaml_path` FROM `stack` WHERE `deleted_at`=0
2025-06-17T15:47:11.732+08:00 [DEBU] {609cc62de8c44918f7b16a1f923de657} [ 35 ms] [default] [xompose] [rows:1  ] SELECT `id`,`created_at`,`updated_at`,`deleted_at`,`username`,`password` FROM `user` WHERE (`id`=4) AND `deleted_at`=0 LIMIT 1
2025-06-17T15:47:11.732+08:00 [DEBU] {a88abb2fe8c44918f8b16a1f735e164b} [  9 ms] [default] [xompose] [rows:1  ] SELECT `id`,`created_at`,`updated_at`,`deleted_at`,`username`,`password` FROM `user` WHERE (`id`=4) AND `deleted_at`=0 LIMIT 1
2025-06-17T15:47:11.756+08:00 [DEBU] {609cc62de8c44918f7b16a1f923de657} [  1 ms] [default] [xompose] [rows:1  ] SELECT `id`,`created_at`,`updated_at`,`deleted_at`,`stack_name`,`yaml_content`,`stack_status`,`yaml_path` FROM `stack` WHERE `deleted_at`=0
2025-06-17T15:47:11.756+08:00 [DEBU] {a88abb2fe8c44918f8b16a1f735e164b} [  1 ms] [default] [xompose] [rows:1  ] SELECT `id`,`created_at`,`updated_at`,`deleted_at`,`stack_name`,`yaml_content`,`stack_status`,`yaml_path` FROM `stack` WHERE `deleted_at`=0
2025-06-17T15:47:17.107+08:00 [DEBU] {a827dd6fe9c44918f9b16a1f132562ad} [ 12 ms] [default] [xompose] [rows:1  ] SELECT `id`,`created_at`,`updated_at`,`deleted_at`,`username`,`password` FROM `user` WHERE (`id`=4) AND `deleted_at`=0 LIMIT 1
2025-06-17T15:47:17.107+08:00 [DEBU] {e8970e70e9c44918fab16a1f546c003a} [ 11 ms] [default] [xompose] [rows:1  ] SELECT `id`,`created_at`,`updated_at`,`deleted_at`,`username`,`password` FROM `user` WHERE (`id`=4) AND `deleted_at`=0 LIMIT 1
2025-06-17T15:47:17.135+08:00 [DEBU] {e8970e70e9c44918fab16a1f546c003a} [ 10 ms] [default] [xompose] [rows:1  ] SELECT `id`,`created_at`,`updated_at`,`deleted_at`,`stack_name`,`yaml_content`,`stack_status`,`yaml_path` FROM `stack` WHERE `deleted_at`=0
2025-06-17T15:47:17.135+08:00 [DEBU] {a827dd6fe9c44918f9b16a1f132562ad} [  9 ms] [default] [xompose] [rows:1  ] SELECT `id`,`created_at`,`updated_at`,`deleted_at`,`stack_name`,`yaml_content`,`stack_status`,`yaml_path` FROM `stack` WHERE `deleted_at`=0
2025-06-17T15:47:53.560+08:00 [DEBU] {20eb43e8f1c44918fbb16a1f206f5e3e} [ 86 ms] [default] [xompose] [rows:1  ] SELECT `id`,`created_at`,`updated_at`,`deleted_at`,`username`,`password` FROM `user` WHERE (`id`=4) AND `deleted_at`=0 LIMIT 1
2025-06-17T15:47:53.567+08:00 [DEBU] {98cf62eaf1c44918fcb16a1ffb62b782} [ 54 ms] [default] [xompose] [rows:1  ] SELECT `id`,`created_at`,`updated_at`,`deleted_at`,`username`,`password` FROM `user` WHERE (`id`=4) AND `deleted_at`=0 LIMIT 1
2025-06-17T15:47:53.603+08:00 [DEBU] {20eb43e8f1c44918fbb16a1f206f5e3e} [  1 ms] [default] [xompose] [rows:1  ] SELECT `id`,`created_at`,`updated_at`,`deleted_at`,`stack_name`,`yaml_content`,`stack_status`,`yaml_path` FROM `stack` WHERE `deleted_at`=0
2025-06-17T15:47:53.603+08:00 [DEBU] {98cf62eaf1c44918fcb16a1ffb62b782} [  1 ms] [default] [xompose] [rows:1  ] SELECT `id`,`created_at`,`updated_at`,`deleted_at`,`stack_name`,`yaml_content`,`stack_status`,`yaml_path` FROM `stack` WHERE `deleted_at`=0
2025-06-17T15:47:57.666+08:00 [DEBU] {c0b0fce1f2c44918fdb16a1ff0ac2ff5} [  3 ms] [default] [xompose] [rows:1  ] SELECT `id`,`created_at`,`updated_at`,`deleted_at`,`username`,`password` FROM `user` WHERE (`id`=4) AND `deleted_at`=0 LIMIT 1
2025-06-17T15:47:57.666+08:00 [DEBU] {08b00fe2f2c44918feb16a1f45be1769} [  2 ms] [default] [xompose] [rows:1  ] SELECT `id`,`created_at`,`updated_at`,`deleted_at`,`username`,`password` FROM `user` WHERE (`id`=4) AND `deleted_at`=0 LIMIT 1
2025-06-17T15:47:57.677+08:00 [DEBU] {c0b0fce1f2c44918fdb16a1ff0ac2ff5} [  1 ms] [default] [xompose] [rows:1  ] SELECT `id`,`created_at`,`updated_at`,`deleted_at`,`stack_name`,`yaml_content`,`stack_status`,`yaml_path` FROM `stack` WHERE `deleted_at`=0
2025-06-17T15:47:57.678+08:00 [DEBU] {08b00fe2f2c44918feb16a1f45be1769} [  1 ms] [default] [xompose] [rows:1  ] SELECT `id`,`created_at`,`updated_at`,`deleted_at`,`stack_name`,`yaml_content`,`stack_status`,`yaml_path` FROM `stack` WHERE `deleted_at`=0
2025-06-17T15:48:00.677+08:00 [DEBU] {a89a5d95f3c44918ffb16a1f9b17d12f} [  4 ms] [default] [xompose] [rows:1  ] SELECT `id`,`created_at`,`updated_at`,`deleted_at`,`username`,`password` FROM `user` WHERE (`id`=4) AND `deleted_at`=0 LIMIT 1
2025-06-17T15:48:00.677+08:00 [DEBU] {105f7295f3c4491800b26a1f73b9ec60} [  4 ms] [default] [xompose] [rows:1  ] SELECT `id`,`created_at`,`updated_at`,`deleted_at`,`username`,`password` FROM `user` WHERE (`id`=4) AND `deleted_at`=0 LIMIT 1
2025-06-17T15:48:00.687+08:00 [DEBU] {105f7295f3c4491800b26a1f73b9ec60} [  1 ms] [default] [xompose] [rows:1  ] SELECT `id`,`created_at`,`updated_at`,`deleted_at`,`stack_name`,`yaml_content`,`stack_status`,`yaml_path` FROM `stack` WHERE `deleted_at`=0
2025-06-17T15:48:00.688+08:00 [DEBU] {a89a5d95f3c44918ffb16a1f9b17d12f} [  2 ms] [default] [xompose] [rows:1  ] SELECT `id`,`created_at`,`updated_at`,`deleted_at`,`stack_name`,`yaml_content`,`stack_status`,`yaml_path` FROM `stack` WHERE `deleted_at`=0
